[0m2021.10.30 21:45:23 INFO  Started: Metals version 0.10.8 in workspace '/home/felix/coding/CodingComps/ACSLPracticeProblems/oct28codingclubproblem' for client coc.nvim 0.0.80.[0m
[0m2021.10.30 21:45:24 INFO  time: initialize in 1.06s[0m
[0m2021.10.30 21:45:24 WARN  Build server is not auto-connectable.[0m
Oct 30, 2021 9:45:24 PM org.eclipse.lsp4j.jsonrpc.RemoteEndpoint handleNotification
WARNING: Notification threw an exception: {
  "jsonrpc": "2.0",
  "method": "textDocument/didOpen",
  "params": {
    "textDocument": {
      "uri": "file:///home/felix/coding/CodingComps/ACSLPracticeProblems/oct28codingclubproblem/src/main/scala/Main.scala",
      "languageId": "scala",
      "version": 5,
      "text": "object \n"
    }
  }
}
java.lang.RuntimeException: java.lang.reflect.InvocationTargetException
	at org.eclipse.lsp4j.jsonrpc.services.GenericEndpoint.lambda$null$0(GenericEndpoint.java:67)
	at org.eclipse.lsp4j.jsonrpc.services.GenericEndpoint.notify(GenericEndpoint.java:152)
	at org.eclipse.lsp4j.jsonrpc.RemoteEndpoint.handleNotification(RemoteEndpoint.java:220)
	at org.eclipse.lsp4j.jsonrpc.RemoteEndpoint.consume(RemoteEndpoint.java:187)
	at org.eclipse.lsp4j.jsonrpc.json.StreamMessageProducer.handleMessage(StreamMessageProducer.java:194)
	at org.eclipse.lsp4j.jsonrpc.json.StreamMessageProducer.listen(StreamMessageProducer.java:94)
	at org.eclipse.lsp4j.jsonrpc.json.ConcurrentMessageProcessor.run(ConcurrentMessageProcessor.java:113)
	at java.base/java.util.concurrent.Executors$RunnableAdapter.call(Executors.java:515)
	at java.base/java.util.concurrent.FutureTask.run(FutureTask.java:264)
	at java.base/java.util.concurrent.ThreadPoolExecutor.runWorker(ThreadPoolExecutor.java:1128)
	at java.base/java.util.concurrent.ThreadPoolExecutor$Worker.run(ThreadPoolExecutor.java:628)
	at java.base/java.lang.Thread.run(Thread.java:829)
Caused by: java.lang.reflect.InvocationTargetException
	at java.base/jdk.internal.reflect.NativeMethodAccessorImpl.invoke0(Native Method)
	at java.base/jdk.internal.reflect.NativeMethodAccessorImpl.invoke(NativeMethodAccessorImpl.java:62)
	at java.base/jdk.internal.reflect.DelegatingMethodAccessorImpl.invoke(DelegatingMethodAccessorImpl.java:43)
	at java.base/java.lang.reflect.Method.invoke(Method.java:566)
	at org.eclipse.lsp4j.jsonrpc.services.GenericEndpoint.lambda$null$0(GenericEndpoint.java:65)
	... 11 more
Caused by: java.nio.file.NoSuchFileException: /home/felix/coding/CodingComps/ACSLPracticeProblems/oct28codingclubproblem/src/main/scala/Main.scala
	at java.base/sun.nio.fs.UnixException.translateToIOException(UnixException.java:92)
	at java.base/sun.nio.fs.UnixException.rethrowAsIOException(UnixException.java:111)
	at java.base/sun.nio.fs.UnixException.rethrowAsIOException(UnixException.java:116)
	at java.base/sun.nio.fs.UnixFileSystemProvider.newByteChannel(UnixFileSystemProvider.java:219)
	at java.base/java.nio.file.Files.newByteChannel(Files.java:371)
	at java.base/java.nio.file.Files.newByteChannel(Files.java:422)
	at java.base/java.nio.file.Files.readAllBytes(Files.java:3206)
	at scala.meta.internal.io.PlatformFileIO$.slurp(PlatformFileIO.scala:45)
	at scala.meta.internal.io.FileIO$.slurp(FileIO.scala:24)
	at scala.meta.internal.metals.MetalsLanguageServer.didOpen(MetalsLanguageServer.scala:995)
	... 16 more

[0m2021.10.30 21:45:28 INFO  running '/usr/lib/jvm/java-11-openjdk-amd64/bin/java -Djline.terminal=jline.UnsupportedTerminal -Dsbt.log.noformat=true -Dfile.encoding=UTF-8 -jar /tmp/metals1092331861523854143/sbt-launch.jar -Dbloop.export-jar-classifiers=sources bloopInstall'[0m
[0m2021.10.30 21:45:29 INFO  [info] welcome to sbt 1.5.5 (Debian Java 11.0.12)[0m
[0m2021.10.30 21:45:30 INFO  [info] loading global plugins from /home/felix/.sbt/1.0/plugins[0m
[0m2021.10.30 21:45:30 ERROR text document: file:///home/felix/coding/CodingComps/ACSLPracticeProblems/oct28codingclubproblem/src/main/scala/Main.scala
java.nio.file.NoSuchFileException: /home/felix/coding/CodingComps/ACSLPracticeProblems/oct28codingclubproblem/src/main/scala/Main.scala
	at sun.nio.fs.UnixException.translateToIOException(UnixException.java:92)
	at sun.nio.fs.UnixException.rethrowAsIOException(UnixException.java:111)
	at sun.nio.fs.UnixException.rethrowAsIOException(UnixException.java:116)
	at sun.nio.fs.UnixFileSystemProvider.newByteChannel(UnixFileSystemProvider.java:219)
	at java.nio.file.Files.newByteChannel(Files.java:371)
	at java.nio.file.Files.newByteChannel(Files.java:422)
	at java.nio.file.Files.readAllBytes(Files.java:3206)
	at scala.meta.internal.io.PlatformFileIO$.slurp(PlatformFileIO.scala:45)
	at scala.meta.internal.io.FileIO$.slurp(FileIO.scala:24)
	at scala.meta.internal.metals.InteractiveSemanticdbs.$anonfun$textDocument$2(InteractiveSemanticdbs.scala:88)
	at scala.Option.getOrElse(Option.scala:189)
	at scala.meta.internal.metals.InteractiveSemanticdbs.$anonfun$textDocument$1(InteractiveSemanticdbs.scala:88)
	at java.util.HashMap.compute(HashMap.java:1228)
	at java.util.Collections$SynchronizedMap.compute(Collections.java:2692)
	at scala.meta.internal.metals.InteractiveSemanticdbs.textDocument(InteractiveSemanticdbs.scala:87)
	at scala.meta.internal.metals.InteractiveSemanticdbs.textDocument(InteractiveSemanticdbs.scala:61)
	at scala.meta.internal.metals.AggregateSemanticdbs.loop$1(AggregateSemanticdbs.scala:30)
	at scala.meta.internal.metals.AggregateSemanticdbs.textDocument(AggregateSemanticdbs.scala:36)
	at scala.meta.internal.decorations.SyntheticsDecorationProvider.currentDocument(SyntheticsDecorationProvider.scala:256)
	at scala.meta.internal.decorations.SyntheticsDecorationProvider.publishSynthetics(SyntheticsDecorationProvider.scala:74)
	at scala.meta.internal.metals.MetalsLanguageServer.$anonfun$didChange$1(MetalsLanguageServer.scala:1144)
	at scala.concurrent.Future.$anonfun$flatMap$1(Future.scala:307)
	at scala.concurrent.impl.Promise.$anonfun$transformWith$1(Promise.scala:41)
	at scala.concurrent.impl.CallbackRunnable.run(Promise.scala:64)
	at java.util.concurrent.ThreadPoolExecutor.runWorker(ThreadPoolExecutor.java:1128)
	at java.util.concurrent.ThreadPoolExecutor$Worker.run(ThreadPoolExecutor.java:628)
	at java.lang.Thread.run(Thread.java:829)
[0m
[0m2021.10.30 21:45:32 INFO  no build target: using presentation compiler with only scala-library: 3.1.0[0m
[0m2021.10.30 21:45:33 INFO  [info] loading settings for project oct28codingclubproblem-build-build from metals.sbt ...[0m
[0m2021.10.30 21:45:33 INFO  [info] loading project definition from /home/felix/coding/CodingComps/ACSLPracticeProblems/oct28codingclubproblem/project/project[0m
[0m2021.10.30 21:45:33 ERROR text document: file:///home/felix/coding/CodingComps/ACSLPracticeProblems/oct28codingclubproblem/src/main/scala/Main.scala
java.nio.file.NoSuchFileException: /home/felix/coding/CodingComps/ACSLPracticeProblems/oct28codingclubproblem/src/main/scala/Main.scala
	at sun.nio.fs.UnixException.translateToIOException(UnixException.java:92)
	at sun.nio.fs.UnixException.rethrowAsIOException(UnixException.java:111)
	at sun.nio.fs.UnixException.rethrowAsIOException(UnixException.java:116)
	at sun.nio.fs.UnixFileSystemProvider.newByteChannel(UnixFileSystemProvider.java:219)
	at java.nio.file.Files.newByteChannel(Files.java:371)
	at java.nio.file.Files.newByteChannel(Files.java:422)
	at java.nio.file.Files.readAllBytes(Files.java:3206)
	at scala.meta.internal.io.PlatformFileIO$.slurp(PlatformFileIO.scala:45)
	at scala.meta.internal.io.FileIO$.slurp(FileIO.scala:24)
	at scala.meta.internal.metals.InteractiveSemanticdbs.$anonfun$textDocument$2(InteractiveSemanticdbs.scala:88)
	at scala.Option.getOrElse(Option.scala:189)
	at scala.meta.internal.metals.InteractiveSemanticdbs.$anonfun$textDocument$1(InteractiveSemanticdbs.scala:88)
	at java.util.HashMap.compute(HashMap.java:1228)
	at java.util.Collections$SynchronizedMap.compute(Collections.java:2692)
	at scala.meta.internal.metals.InteractiveSemanticdbs.textDocument(InteractiveSemanticdbs.scala:87)
	at scala.meta.internal.metals.InteractiveSemanticdbs.textDocument(InteractiveSemanticdbs.scala:61)
	at scala.meta.internal.metals.AggregateSemanticdbs.loop$1(AggregateSemanticdbs.scala:30)
	at scala.meta.internal.metals.AggregateSemanticdbs.textDocument(AggregateSemanticdbs.scala:36)
	at scala.meta.internal.decorations.SyntheticsDecorationProvider.currentDocument(SyntheticsDecorationProvider.scala:256)
	at scala.meta.internal.decorations.SyntheticsDecorationProvider.publishSynthetics(SyntheticsDecorationProvider.scala:74)
	at scala.meta.internal.metals.MetalsLanguageServer.$anonfun$didChange$1(MetalsLanguageServer.scala:1144)
	at scala.concurrent.Future.$anonfun$flatMap$1(Future.scala:307)
	at scala.concurrent.impl.Promise.$anonfun$transformWith$1(Promise.scala:41)
	at scala.concurrent.impl.CallbackRunnable.run(Promise.scala:64)
	at java.util.concurrent.ThreadPoolExecutor.runWorker(ThreadPoolExecutor.java:1128)
	at java.util.concurrent.ThreadPoolExecutor$Worker.run(ThreadPoolExecutor.java:628)
	at java.lang.Thread.run(Thread.java:829)
[0m
[0m2021.10.30 21:45:33 ERROR text document: file:///home/felix/coding/CodingComps/ACSLPracticeProblems/oct28codingclubproblem/src/main/scala/Main.scala
java.nio.file.NoSuchFileException: /home/felix/coding/CodingComps/ACSLPracticeProblems/oct28codingclubproblem/src/main/scala/Main.scala
	at sun.nio.fs.UnixException.translateToIOException(UnixException.java:92)
	at sun.nio.fs.UnixException.rethrowAsIOException(UnixException.java:111)
	at sun.nio.fs.UnixException.rethrowAsIOException(UnixException.java:116)
	at sun.nio.fs.UnixFileSystemProvider.newByteChannel(UnixFileSystemProvider.java:219)
	at java.nio.file.Files.newByteChannel(Files.java:371)
	at java.nio.file.Files.newByteChannel(Files.java:422)
	at java.nio.file.Files.readAllBytes(Files.java:3206)
	at scala.meta.internal.io.PlatformFileIO$.slurp(PlatformFileIO.scala:45)
	at scala.meta.internal.io.FileIO$.slurp(FileIO.scala:24)
	at scala.meta.internal.metals.InteractiveSemanticdbs.$anonfun$textDocument$2(InteractiveSemanticdbs.scala:88)
	at scala.Option.getOrElse(Option.scala:189)
	at scala.meta.internal.metals.InteractiveSemanticdbs.$anonfun$textDocument$1(InteractiveSemanticdbs.scala:88)
	at java.util.HashMap.compute(HashMap.java:1228)
	at java.util.Collections$SynchronizedMap.compute(Collections.java:2692)
	at scala.meta.internal.metals.InteractiveSemanticdbs.textDocument(InteractiveSemanticdbs.scala:87)
	at scala.meta.internal.metals.InteractiveSemanticdbs.textDocument(InteractiveSemanticdbs.scala:61)
	at scala.meta.internal.metals.AggregateSemanticdbs.loop$1(AggregateSemanticdbs.scala:30)
	at scala.meta.internal.metals.AggregateSemanticdbs.textDocument(AggregateSemanticdbs.scala:36)
	at scala.meta.internal.decorations.SyntheticsDecorationProvider.currentDocument(SyntheticsDecorationProvider.scala:256)
	at scala.meta.internal.decorations.SyntheticsDecorationProvider.publishSynthetics(SyntheticsDecorationProvider.scala:74)
	at scala.meta.internal.metals.MetalsLanguageServer.$anonfun$didChange$1(MetalsLanguageServer.scala:1144)
	at scala.concurrent.Future.$anonfun$flatMap$1(Future.scala:307)
	at scala.concurrent.impl.Promise.$anonfun$transformWith$1(Promise.scala:41)
	at scala.concurrent.impl.CallbackRunnable.run(Promise.scala:64)
	at java.util.concurrent.ThreadPoolExecutor.runWorker(ThreadPoolExecutor.java:1128)
	at java.util.concurrent.ThreadPoolExecutor$Worker.run(ThreadPoolExecutor.java:628)
	at java.lang.Thread.run(Thread.java:829)
[0m
[0m2021.10.30 21:45:33 ERROR text document: file:///home/felix/coding/CodingComps/ACSLPracticeProblems/oct28codingclubproblem/src/main/scala/Main.scala
java.nio.file.NoSuchFileException: /home/felix/coding/CodingComps/ACSLPracticeProblems/oct28codingclubproblem/src/main/scala/Main.scala
	at sun.nio.fs.UnixException.translateToIOException(UnixException.java:92)
	at sun.nio.fs.UnixException.rethrowAsIOException(UnixException.java:111)
	at sun.nio.fs.UnixException.rethrowAsIOException(UnixException.java:116)
	at sun.nio.fs.UnixFileSystemProvider.newByteChannel(UnixFileSystemProvider.java:219)
	at java.nio.file.Files.newByteChannel(Files.java:371)
	at java.nio.file.Files.newByteChannel(Files.java:422)
	at java.nio.file.Files.readAllBytes(Files.java:3206)
	at scala.meta.internal.io.PlatformFileIO$.slurp(PlatformFileIO.scala:45)
	at scala.meta.internal.io.FileIO$.slurp(FileIO.scala:24)
	at scala.meta.internal.metals.InteractiveSemanticdbs.$anonfun$textDocument$2(InteractiveSemanticdbs.scala:88)
	at scala.Option.getOrElse(Option.scala:189)
	at scala.meta.internal.metals.InteractiveSemanticdbs.$anonfun$textDocument$1(InteractiveSemanticdbs.scala:88)
	at java.util.HashMap.compute(HashMap.java:1228)
	at java.util.Collections$SynchronizedMap.compute(Collections.java:2692)
	at scala.meta.internal.metals.InteractiveSemanticdbs.textDocument(InteractiveSemanticdbs.scala:87)
	at scala.meta.internal.metals.InteractiveSemanticdbs.textDocument(InteractiveSemanticdbs.scala:61)
	at scala.meta.internal.metals.AggregateSemanticdbs.loop$1(AggregateSemanticdbs.scala:30)
	at scala.meta.internal.metals.AggregateSemanticdbs.textDocument(AggregateSemanticdbs.scala:36)
	at scala.meta.internal.decorations.SyntheticsDecorationProvider.currentDocument(SyntheticsDecorationProvider.scala:256)
	at scala.meta.internal.decorations.SyntheticsDecorationProvider.publishSynthetics(SyntheticsDecorationProvider.scala:74)
	at scala.meta.internal.metals.MetalsLanguageServer.$anonfun$didChange$1(MetalsLanguageServer.scala:1144)
	at scala.concurrent.Future.$anonfun$flatMap$1(Future.scala:307)
	at scala.concurrent.impl.Promise.$anonfun$transformWith$1(Promise.scala:41)
	at scala.concurrent.impl.CallbackRunnable.run(Promise.scala:64)
	at java.util.concurrent.ThreadPoolExecutor.runWorker(ThreadPoolExecutor.java:1128)
	at java.util.concurrent.ThreadPoolExecutor$Worker.run(ThreadPoolExecutor.java:628)
	at java.lang.Thread.run(Thread.java:829)
[0m
[0m2021.10.30 21:45:33 ERROR text document: file:///home/felix/coding/CodingComps/ACSLPracticeProblems/oct28codingclubproblem/src/main/scala/Main.scala
java.nio.file.NoSuchFileException: /home/felix/coding/CodingComps/ACSLPracticeProblems/oct28codingclubproblem/src/main/scala/Main.scala
	at sun.nio.fs.UnixException.translateToIOException(UnixException.java:92)
	at sun.nio.fs.UnixException.rethrowAsIOException(UnixException.java:111)
	at sun.nio.fs.UnixException.rethrowAsIOException(UnixException.java:116)
	at sun.nio.fs.UnixFileSystemProvider.newByteChannel(UnixFileSystemProvider.java:219)
	at java.nio.file.Files.newByteChannel(Files.java:371)
	at java.nio.file.Files.newByteChannel(Files.java:422)
	at java.nio.file.Files.readAllBytes(Files.java:3206)
	at scala.meta.internal.io.PlatformFileIO$.slurp(PlatformFileIO.scala:45)
	at scala.meta.internal.io.FileIO$.slurp(FileIO.scala:24)
	at scala.meta.internal.metals.InteractiveSemanticdbs.$anonfun$textDocument$2(InteractiveSemanticdbs.scala:88)
	at scala.Option.getOrElse(Option.scala:189)
	at scala.meta.internal.metals.InteractiveSemanticdbs.$anonfun$textDocument$1(InteractiveSemanticdbs.scala:88)
	at java.util.HashMap.compute(HashMap.java:1228)
	at java.util.Collections$SynchronizedMap.compute(Collections.java:2692)
	at scala.meta.internal.metals.InteractiveSemanticdbs.textDocument(InteractiveSemanticdbs.scala:87)
	at scala.meta.internal.metals.InteractiveSemanticdbs.textDocument(InteractiveSemanticdbs.scala:61)
	at scala.meta.internal.metals.AggregateSemanticdbs.loop$1(AggregateSemanticdbs.scala:30)
	at scala.meta.internal.metals.AggregateSemanticdbs.textDocument(AggregateSemanticdbs.scala:36)
	at scala.meta.internal.decorations.SyntheticsDecorationProvider.currentDocument(SyntheticsDecorationProvider.scala:256)
	at scala.meta.internal.decorations.SyntheticsDecorationProvider.publishSynthetics(SyntheticsDecorationProvider.scala:74)
	at scala.meta.internal.metals.MetalsLanguageServer.$anonfun$didChange$1(MetalsLanguageServer.scala:1144)
	at scala.concurrent.Future.$anonfun$flatMap$1(Future.scala:307)
	at scala.concurrent.impl.Promise.$anonfun$transformWith$1(Promise.scala:41)
	at scala.concurrent.impl.CallbackRunnable.run(Promise.scala:64)
	at java.util.concurrent.ThreadPoolExecutor.runWorker(ThreadPoolExecutor.java:1128)
	at java.util.concurrent.ThreadPoolExecutor$Worker.run(ThreadPoolExecutor.java:628)
	at java.lang.Thread.run(Thread.java:829)
[0m
[0m2021.10.30 21:45:34 INFO  [info] loading settings for project oct28codingclubproblem-build from metals.sbt ...[0m
[0m2021.10.30 21:45:34 INFO  [info] loading project definition from /home/felix/coding/CodingComps/ACSLPracticeProblems/oct28codingclubproblem/project[0m
[0m2021.10.30 21:45:35 ERROR text document: file:///home/felix/coding/CodingComps/ACSLPracticeProblems/oct28codingclubproblem/src/main/scala/Main.scala
java.nio.file.NoSuchFileException: /home/felix/coding/CodingComps/ACSLPracticeProblems/oct28codingclubproblem/src/main/scala/Main.scala
	at sun.nio.fs.UnixException.translateToIOException(UnixException.java:92)
	at sun.nio.fs.UnixException.rethrowAsIOException(UnixException.java:111)
	at sun.nio.fs.UnixException.rethrowAsIOException(UnixException.java:116)
	at sun.nio.fs.UnixFileSystemProvider.newByteChannel(UnixFileSystemProvider.java:219)
	at java.nio.file.Files.newByteChannel(Files.java:371)
	at java.nio.file.Files.newByteChannel(Files.java:422)
	at java.nio.file.Files.readAllBytes(Files.java:3206)
	at scala.meta.internal.io.PlatformFileIO$.slurp(PlatformFileIO.scala:45)
	at scala.meta.internal.io.FileIO$.slurp(FileIO.scala:24)
	at scala.meta.internal.metals.InteractiveSemanticdbs.$anonfun$textDocument$2(InteractiveSemanticdbs.scala:88)
	at scala.Option.getOrElse(Option.scala:189)
	at scala.meta.internal.metals.InteractiveSemanticdbs.$anonfun$textDocument$1(InteractiveSemanticdbs.scala:88)
	at java.util.HashMap.compute(HashMap.java:1228)
	at java.util.Collections$SynchronizedMap.compute(Collections.java:2692)
	at scala.meta.internal.metals.InteractiveSemanticdbs.textDocument(InteractiveSemanticdbs.scala:87)
	at scala.meta.internal.metals.InteractiveSemanticdbs.textDocument(InteractiveSemanticdbs.scala:61)
	at scala.meta.internal.metals.AggregateSemanticdbs.loop$1(AggregateSemanticdbs.scala:30)
	at scala.meta.internal.metals.AggregateSemanticdbs.textDocument(AggregateSemanticdbs.scala:36)
	at scala.meta.internal.decorations.SyntheticsDecorationProvider.currentDocument(SyntheticsDecorationProvider.scala:256)
	at scala.meta.internal.decorations.SyntheticsDecorationProvider.publishSynthetics(SyntheticsDecorationProvider.scala:74)
	at scala.meta.internal.metals.MetalsLanguageServer.$anonfun$didChange$1(MetalsLanguageServer.scala:1144)
	at scala.concurrent.Future.$anonfun$flatMap$1(Future.scala:307)
	at scala.concurrent.impl.Promise.$anonfun$transformWith$1(Promise.scala:41)
	at scala.concurrent.impl.CallbackRunnable.run(Promise.scala:64)
	at java.util.concurrent.ThreadPoolExecutor.runWorker(ThreadPoolExecutor.java:1128)
	at java.util.concurrent.ThreadPoolExecutor$Worker.run(ThreadPoolExecutor.java:628)
	at java.lang.Thread.run(Thread.java:829)
[0m
[0m2021.10.30 21:45:36 INFO  [success] Generated .bloop/oct28codingclubproblem-build.json[0m
[0m2021.10.30 21:45:36 INFO  [info] compiling 1 Scala source to /home/felix/coding/CodingComps/ACSLPracticeProblems/oct28codingclubproblem/project/target/scala-2.12/sbt-1.0/classes ...[0m
[0m2021.10.30 21:45:39 INFO  [info] done compiling[0m
[0m2021.10.30 21:45:39 INFO  [success] Total time: 4 s, completed Oct 30, 2021, 9:45:39 PM[0m
[0m2021.10.30 21:45:40 INFO  [info] loading settings for project root from build.sbt ...[0m
[0m2021.10.30 21:45:40 INFO  [info] set current project to oct28CodingClubProblem (in build file:/home/felix/coding/CodingComps/ACSLPracticeProblems/oct28codingclubproblem/)[0m
[0m2021.10.30 21:45:40 INFO  [success] Generated .bloop/root-test.json[0m
[0m2021.10.30 21:45:40 INFO  [success] Generated .bloop/root.json[0m
[0m2021.10.30 21:45:40 INFO  [success] Total time: 0 s, completed Oct 30, 2021, 9:45:40 PM[0m
[0m2021.10.30 21:45:41 INFO  time: ran 'sbt bloopInstall' in 13s[0m
[0m2021.10.30 21:45:41 INFO  Attempting to connect to the build server...[0m
Starting the bsp launcher for bloop...
Opening a bsp server connection with 'bsp --protocol local --socket /tmp/bsp-launcher10169223672378585106/bsp.socket'...
Waiting for the bsp connection to come up...
Waiting for the bsp connection to come up...
No server running at 127.0.0.1:8212, let's fire one...
Resolving ch.epfl.scala:bloop-frontend_2.12:1.4.10-8-8d1cbc4f...
Starting bloop server at 127.0.0.1:8212...
Attempting a connection to the server...
Attempting a connection to the server...
Attempting a connection to the server...
[0m[32m[D][0m Waiting for a connection at local:///tmp/bsp-launcher10169223672378585106/bsp.socket...
The server is listening for incoming connections at local:///tmp/bsp-launcher10169223672378585106/bsp.socket...
Starting thread that pumps stdin and redirects it to the bsp server...
Starting thread that pumps server stdout and redirects it to the client stdout...
[0m2021.10.30 21:45:43 INFO  tracing is disabled for protocol BSP, to enable tracing of incoming and outgoing JSON messages create an empty file at /home/felix/.cache/metals/bsp.trace.json[0m
[0m2021.10.30 21:45:43 INFO  Attempting to connect to the build server...[0m
Starting the bsp launcher for bloop...
Opening a bsp server connection with 'bsp --protocol local --socket /tmp/bsp-launcher3655378146044874446/bsp.socket'...
Waiting for the bsp connection to come up...
[0m[32m[D][0m Waiting for a connection at local:///tmp/bsp-launcher3655378146044874446/bsp.socket...
The server is listening for incoming connections at local:///tmp/bsp-launcher3655378146044874446/bsp.socket...
Starting thread that pumps stdin and redirects it to the bsp server...
Starting thread that pumps server stdout and redirects it to the client stdout...
[0m2021.10.30 21:45:43 INFO  tracing is disabled for protocol BSP, to enable tracing of incoming and outgoing JSON messages create an empty file at /home/felix/.cache/metals/bsp.trace.json[0m
[0m2021.10.30 21:45:43 INFO  time: Connected to build server in 2.6s[0m
[0m2021.10.30 21:45:43 INFO  Connected to Build server: Bloop v1.4.10-8-8d1cbc4f[0m
[0m2021.10.30 21:45:43 INFO  time: Imported build in 0.1s[0m
[0m2021.10.30 21:45:45 WARN  Could not find java sources in None. Java symbols will not be available.[0m
[0m2021.10.30 21:45:48 INFO  time: indexed workspace in 4.33s[0m
[0m2021.10.30 21:45:48 INFO  compiling root-test (1 scala source)[0m
[0m2021.10.30 21:45:49 INFO  no build target: using presentation compiler with only scala-library: 2.13.6[0m
[0m2021.10.30 21:45:51 INFO  time: compiled root-test in 2.22s[0m
Oct 30, 2021 9:47:13 PM scala.meta.internal.pc.CompilerAccess retryWithCleanCompiler
INFO: compiler crashed due to an error in the Scala compiler, retrying with new compiler instance.
[0m2021.10.30 21:47:21 INFO  compiling root (1 scala source)[0m
[0m2021.10.30 21:47:21 INFO  time: compiled root in 99ms[0m
[0m2021.10.30 21:49:20 INFO  compiling root (1 scala source)[0m
[0m2021.10.30 21:49:21 INFO  time: compiled root in 1.23s[0m
Oct 30, 2021 10:30:16 PM scala.meta.internal.pc.CompilerAccess retryWithCleanCompiler
INFO: compiler crashed due to an error in the Scala compiler, retrying with new compiler instance.
something's wrong: no file:///home/felix/coding/CodingComps/ACSLPracticeProblems/oct28codingclubproblem/src/main/scala/Main.scala in Array[<error>]RangePosition(file:///home/felix/coding/CodingComps/ACSLPracticeProblems/oct28codingclubproblem/src/main/scala/Main.scala, 825, 825, 840)
No more data in the server stdin, exiting...
No more data in the server stdin, exiting...
No more data in the server stdin, exiting...
No more data in the server stdin, exiting...
[0m2021.10.30 23:23:59 WARN  resetting database: /home/felix/coding/CodingComps/ACSLPracticeProblems/oct28codingclubproblem/.metals/metals.h2.db[0m
[0m2021.10.30 23:24:03 INFO  Started: Metals version 0.10.8 in workspace '/home/felix/coding/CodingComps/ACSLPracticeProblems/oct28codingclubproblem' for client coc.nvim 0.0.80.[0m
[0m2021.10.30 23:24:04 INFO  time: initialize in 0.97s[0m
[0m2021.10.30 23:24:08 WARN  resetting database: /home/felix/coding/CodingComps/ACSLPracticeProblems/oct28codingclubproblem/.metals/metals.h2.db[0m
[0m2021.10.30 23:24:08 INFO  Attempting to connect to the build server...[0m
Starting the bsp launcher for bloop...
Opening a bsp server connection with 'bsp --protocol local --socket /tmp/bsp-launcher14958620063824565372/bsp.socket'...
Waiting for the bsp connection to come up...
Waiting for the bsp connection to come up...
No server running at 127.0.0.1:8212, let's fire one...
Resolving ch.epfl.scala:bloop-frontend_2.12:1.4.10-8-8d1cbc4f...
Starting bloop server at 127.0.0.1:8212...
Attempting a connection to the server...
Attempting a connection to the server...
Attempting a connection to the server...
[0m[32m[D][0m Waiting for a connection at local:///tmp/bsp-launcher14958620063824565372/bsp.socket...
The server is listening for incoming connections at local:///tmp/bsp-launcher14958620063824565372/bsp.socket...
Starting thread that pumps stdin and redirects it to the bsp server...
Starting thread that pumps server stdout and redirects it to the client stdout...
[0m2021.10.30 23:24:10 INFO  tracing is disabled for protocol BSP, to enable tracing of incoming and outgoing JSON messages create an empty file at /home/felix/.cache/metals/bsp.trace.json[0m
[0m2021.10.30 23:24:10 INFO  Attempting to connect to the build server...[0m
Starting the bsp launcher for bloop...
Opening a bsp server connection with 'bsp --protocol local --socket /tmp/bsp-launcher12151414439270547996/bsp.socket'...
Waiting for the bsp connection to come up...
[0m[32m[D][0m Waiting for a connection at local:///tmp/bsp-launcher12151414439270547996/bsp.socket...
The server is listening for incoming connections at local:///tmp/bsp-launcher12151414439270547996/bsp.socket...
Starting thread that pumps stdin and redirects it to the bsp server...
Starting thread that pumps server stdout and redirects it to the client stdout...
[0m2021.10.30 23:24:11 INFO  tracing is disabled for protocol BSP, to enable tracing of incoming and outgoing JSON messages create an empty file at /home/felix/.cache/metals/bsp.trace.json[0m
[0m2021.10.30 23:24:11 INFO  time: Connected to build server in 2.52s[0m
[0m2021.10.30 23:24:11 INFO  Connected to Build server: Bloop v1.4.10-8-8d1cbc4f[0m
[0m2021.10.30 23:24:12 WARN  Could not find java sources in None. Java symbols will not be available.[0m
[0m2021.10.30 23:24:14 INFO  time: indexed workspace in 3.13s[0m
[0m2021.10.30 23:24:14 INFO  compiling root (1 scala source)[0m
[0m2021.10.30 23:24:15 INFO  no build target: using presentation compiler with only scala-library: 2.13.6[0m
[0m2021.10.30 23:24:18 INFO  time: compiled root in 3.28s[0m
[0m2021.10.30 23:24:18 INFO  compiling root-test (1 scala source)[0m
[0m2021.10.30 23:24:18 INFO  time: compiled root-test in 0.39s[0m
[0m2021.10.30 23:24:19 INFO  running '/usr/lib/jvm/java-11-openjdk-amd64/bin/java -Djline.terminal=jline.UnsupportedTerminal -Dsbt.log.noformat=true -Dfile.encoding=UTF-8 -jar /tmp/metals13978727664834009233/sbt-launch.jar -Dbloop.export-jar-classifiers=sources bloopInstall'[0m
[0m2021.10.30 23:24:20 INFO  [info] welcome to sbt 1.5.5 (Debian Java 11.0.12)[0m
[0m2021.10.30 23:24:21 INFO  [info] loading global plugins from /home/felix/.sbt/1.0/plugins[0m
[0m2021.10.30 23:24:21 INFO  [info] loading settings for project oct28codingclubproblem-build-build from metals.sbt ...[0m
[0m2021.10.30 23:24:21 INFO  [info] loading project definition from /home/felix/coding/CodingComps/ACSLPracticeProblems/oct28codingclubproblem/project/project[0m
[0m2021.10.30 23:24:22 INFO  [info] loading settings for project oct28codingclubproblem-build from metals.sbt ...[0m
[0m2021.10.30 23:24:22 INFO  [info] loading project definition from /home/felix/coding/CodingComps/ACSLPracticeProblems/oct28codingclubproblem/project[0m
[0m2021.10.30 23:24:24 INFO  [success] Generated .bloop/oct28codingclubproblem-build.json[0m
[0m2021.10.30 23:24:24 INFO  [success] Total time: 1 s, completed Oct 30, 2021, 11:24:24 PM[0m
[0m2021.10.30 23:24:24 INFO  [info] loading settings for project root from build.sbt ...[0m
[0m2021.10.30 23:24:24 INFO  [info] set current project to oct28CodingClubProblem (in build file:/home/felix/coding/CodingComps/ACSLPracticeProblems/oct28codingclubproblem/)[0m
[0m2021.10.30 23:24:24 INFO  [success] Generated .bloop/root-test.json[0m
[0m2021.10.30 23:24:24 INFO  [success] Generated .bloop/root.json[0m
[0m2021.10.30 23:24:24 INFO  [success] Total time: 0 s, completed Oct 30, 2021, 11:24:24 PM[0m
[0m2021.10.30 23:24:25 INFO  time: ran 'sbt bloopInstall' in 5.68s[0m
[0m2021.10.30 23:24:25 INFO  Disconnecting from Bloop session...[0m
[0m2021.10.30 23:24:25 INFO  Shut down connection with build server.[0m
[0m2021.10.30 23:24:25 INFO  Shut down connection with build server.[0m
No more data in the client stdin, exiting...
No more data in the client stdin, exiting...
[0m2021.10.30 23:24:25 INFO  Attempting to connect to the build server...[0m
Starting the bsp launcher for bloop...
Opening a bsp server connection with 'bsp --protocol local --socket /tmp/bsp-launcher6556753191175717182/bsp.socket'...
Waiting for the bsp connection to come up...
No more data in the server stdin, exiting...
No more data in the server stdin, exiting...
No more data in the server stdin, exiting...
[0m[32m[D][0m Waiting for a connection at local:///tmp/bsp-launcher6556753191175717182/bsp.socket...
The server is listening for incoming connections at local:///tmp/bsp-launcher6556753191175717182/bsp.socket...
Starting thread that pumps stdin and redirects it to the bsp server...
Starting thread that pumps server stdout and redirects it to the client stdout...
[0m2021.10.30 23:24:25 INFO  tracing is disabled for protocol BSP, to enable tracing of incoming and outgoing JSON messages create an empty file at /home/felix/.cache/metals/bsp.trace.json[0m
[0m2021.10.30 23:24:25 INFO  Attempting to connect to the build server...[0m
Starting the bsp launcher for bloop...
Opening a bsp server connection with 'bsp --protocol local --socket /tmp/bsp-launcher8412478794864327717/bsp.socket'...
Waiting for the bsp connection to come up...
[0m[32m[D][0m Waiting for a connection at local:///tmp/bsp-launcher8412478794864327717/bsp.socket...
The server is listening for incoming connections at local:///tmp/bsp-launcher8412478794864327717/bsp.socket...
Starting thread that pumps stdin and redirects it to the bsp server...
Starting thread that pumps server stdout and redirects it to the client stdout...
[0m2021.10.30 23:24:25 INFO  tracing is disabled for protocol BSP, to enable tracing of incoming and outgoing JSON messages create an empty file at /home/felix/.cache/metals/bsp.trace.json[0m
[0m2021.10.30 23:24:25 INFO  time: Connected to build server in 82ms[0m
[0m2021.10.30 23:24:25 INFO  Connected to Build server: Bloop v1.4.10-8-8d1cbc4f[0m
[0m2021.10.30 23:24:26 WARN  Could not find java sources in None. Java symbols will not be available.[0m
[0m2021.10.30 23:24:26 INFO  time: indexed workspace in 0.96s[0m
[0m2021.10.30 23:24:27 INFO  no build target: using presentation compiler with only scala-library: 2.13.6[0m
[0m2021.10.30 23:24:27 INFO  compiling root-test (1 scala source)[0m
[0m2021.10.30 23:24:27 INFO  time: compiled root-test in 4ms[0m
No more data in the server stdin, exiting...
No more data in the server stdin, exiting...
Unexpected exception when forwarding server stdin ---> client stdout
java.io.IOException: com.sun.jna.LastErrorException: [104] Connection reset by peer
	at bloop.sockets.UnixDomainSocket$UnixDomainSocketInputStream.doRead(UnixDomainSocket.java:171)
	at bloop.sockets.UnixDomainSocket$UnixDomainSocketInputStream.read(UnixDomainSocket.java:156)
	at java.base/java.nio.channels.Channels$ReadableByteChannelImpl.read(Channels.java:388)
	at bloop.launcher.bsp.BspBridge.copyContents(BspBridge.scala:289)
	at bloop.launcher.bsp.BspBridge.forwardStreamContents(BspBridge.scala:275)
	at bloop.launcher.bsp.BspBridge.$anonfun$wireBspConnectionStreams$2(BspBridge.scala:228)
	at bloop.bloopgun.core.Shell$$anon$2.run(Shell.scala:156)
Caused by: com.sun.jna.LastErrorException: [104] Connection reset by peer
	at bloop.sockets.UnixDomainSocketLibrary.read(Native Method)
	at bloop.sockets.UnixDomainSocket$UnixDomainSocketInputStream.doRead(UnixDomainSocket.java:169)
	... 6 more
[0m2021.10.30 23:29:53 INFO  Started: Metals version 0.10.8 in workspace '/home/felix/coding/CodingComps/ACSLPracticeProblems/oct28codingclubproblem' for client coc.nvim 0.0.80.[0m
[0m2021.10.30 23:29:55 INFO  time: initialize in 1.52s[0m
[0m2021.10.30 23:29:58 INFO  Attempting to connect to the build server...[0m
Starting the bsp launcher for bloop...
Opening a bsp server connection with 'bsp --protocol local --socket /tmp/bsp-launcher14245968545932496060/bsp.socket'...
Waiting for the bsp connection to come up...
[0m2021.10.30 23:29:58 INFO  skipping build import with status 'Installed'[0m
Waiting for the bsp connection to come up...
No server running at 127.0.0.1:8212, let's fire one...
Resolving ch.epfl.scala:bloop-frontend_2.12:1.4.10-8-8d1cbc4f...
Starting bloop server at 127.0.0.1:8212...
Attempting a connection to the server...
Attempting a connection to the server...
Attempting a connection to the server...
[0m[32m[D][0m Waiting for a connection at local:///tmp/bsp-launcher14245968545932496060/bsp.socket...
The server is listening for incoming connections at local:///tmp/bsp-launcher14245968545932496060/bsp.socket...
Starting thread that pumps stdin and redirects it to the bsp server...
Starting thread that pumps server stdout and redirects it to the client stdout...
[0m2021.10.30 23:30:00 INFO  tracing is disabled for protocol BSP, to enable tracing of incoming and outgoing JSON messages create an empty file at /home/felix/.cache/metals/bsp.trace.json[0m
[0m2021.10.30 23:30:00 INFO  Attempting to connect to the build server...[0m
Starting the bsp launcher for bloop...
Opening a bsp server connection with 'bsp --protocol local --socket /tmp/bsp-launcher8334542073897471055/bsp.socket'...
Waiting for the bsp connection to come up...
[0m[32m[D][0m Waiting for a connection at local:///tmp/bsp-launcher8334542073897471055/bsp.socket...
The server is listening for incoming connections at local:///tmp/bsp-launcher8334542073897471055/bsp.socket...
Starting thread that pumps stdin and redirects it to the bsp server...
Starting thread that pumps server stdout and redirects it to the client stdout...
[0m2021.10.30 23:30:01 INFO  tracing is disabled for protocol BSP, to enable tracing of incoming and outgoing JSON messages create an empty file at /home/felix/.cache/metals/bsp.trace.json[0m
[0m2021.10.30 23:30:01 INFO  time: Connected to build server in 2.38s[0m
[0m2021.10.30 23:30:01 INFO  Connected to Build server: Bloop v1.4.10-8-8d1cbc4f[0m
[0m2021.10.30 23:30:02 WARN  Could not find java sources in None. Java symbols will not be available.[0m
[0m2021.10.30 23:30:02 INFO  time: indexed workspace in 1.4s[0m
[0m2021.10.30 23:30:03 INFO  compiling root (1 scala source)[0m
[0m2021.10.30 23:30:04 INFO  no build target: using presentation compiler with only scala-library: 2.13.6[0m
[0m2021.10.30 23:30:06 INFO  compiling root-test (1 scala source)[0m
[0m2021.10.30 23:30:06 INFO  time: compiled root in 3.47s[0m
[0m2021.10.30 23:30:06 INFO  time: compiled root-test in 0.43s[0m
No more data in the client stdin, exiting...
No more data in the client stdin, exiting...
java.util.concurrent.RejectedExecutionException: Task scala.concurrent.impl.CallbackRunnable@4b281107 rejected from java.util.concurrent.ThreadPoolExecutor@3812e9ee[Shutting down, pool size = 3, active threads = 3, queued tasks = 0, completed tasks = 197]
	at java.base/java.util.concurrent.ThreadPoolExecutor$AbortPolicy.rejectedExecution(ThreadPoolExecutor.java:2055)
	at java.base/java.util.concurrent.ThreadPoolExecutor.reject(ThreadPoolExecutor.java:825)
	at java.base/java.util.concurrent.ThreadPoolExecutor.execute(ThreadPoolExecutor.java:1355)
	at scala.concurrent.impl.ExecutionContextImpl$$anon$4.execute(ExecutionContextImpl.scala:138)
	at scala.concurrent.impl.CallbackRunnable.executeWithValue(Promise.scala:72)
	at scala.concurrent.impl.Promise$DefaultPromise.$anonfun$tryComplete$1(Promise.scala:288)
	at scala.concurrent.impl.Promise$DefaultPromise.$anonfun$tryComplete$1$adapted(Promise.scala:288)
	at scala.concurrent.impl.Promise$DefaultPromise.tryComplete(Promise.scala:288)
	at scala.concurrent.Promise.complete(Promise.scala:53)
	at scala.concurrent.Promise.complete$(Promise.scala:52)
	at scala.concurrent.impl.Promise$DefaultPromise.complete(Promise.scala:187)
	at scala.concurrent.impl.Promise.$anonfun$transform$1(Promise.scala:33)
	at scala.concurrent.impl.CallbackRunnable.run(Promise.scala:64)
	at java.base/java.util.concurrent.ThreadPoolExecutor.runWorker(ThreadPoolExecutor.java:1128)
	at java.base/java.util.concurrent.ThreadPoolExecutor$Worker.run(ThreadPoolExecutor.java:628)
	at java.base/java.lang.Thread.run(Thread.java:829)
[0m2021.10.30 23:31:40 INFO  Started: Metals version 0.10.8 in workspace '/home/felix/coding/CodingComps/ACSLPracticeProblems/oct28codingclubproblem' for client coc.nvim 0.0.80.[0m
[0m2021.10.30 23:31:41 INFO  time: initialize in 1.08s[0m
[0m2021.10.30 23:31:42 INFO  Attempting to connect to the build server...[0m
Starting the bsp launcher for bloop...
Opening a bsp server connection with 'bsp --protocol local --socket /tmp/bsp-launcher9535198951981633074/bsp.socket'...
Waiting for the bsp connection to come up...
[0m2021.10.30 23:31:42 INFO  skipping build import with status 'Installed'[0m
Waiting for the bsp connection to come up...
No server running at 127.0.0.1:8212, let's fire one...
Resolving ch.epfl.scala:bloop-frontend_2.12:1.4.10-8-8d1cbc4f...
Starting bloop server at 127.0.0.1:8212...
Attempting a connection to the server...
Attempting a connection to the server...
Attempting a connection to the server...
[0m[32m[D][0m Waiting for a connection at local:///tmp/bsp-launcher9535198951981633074/bsp.socket...
The server is listening for incoming connections at local:///tmp/bsp-launcher9535198951981633074/bsp.socket...
Starting thread that pumps stdin and redirects it to the bsp server...
Starting thread that pumps server stdout and redirects it to the client stdout...
[0m2021.10.30 23:31:44 INFO  tracing is disabled for protocol BSP, to enable tracing of incoming and outgoing JSON messages create an empty file at /home/felix/.cache/metals/bsp.trace.json[0m
[0m2021.10.30 23:31:44 INFO  Attempting to connect to the build server...[0m
Starting the bsp launcher for bloop...
Opening a bsp server connection with 'bsp --protocol local --socket /tmp/bsp-launcher17118957138380983777/bsp.socket'...
Waiting for the bsp connection to come up...
[0m[32m[D][0m Waiting for a connection at local:///tmp/bsp-launcher17118957138380983777/bsp.socket...
The server is listening for incoming connections at local:///tmp/bsp-launcher17118957138380983777/bsp.socket...
Starting thread that pumps stdin and redirects it to the bsp server...
Starting thread that pumps server stdout and redirects it to the client stdout...
[0m2021.10.30 23:31:44 INFO  tracing is disabled for protocol BSP, to enable tracing of incoming and outgoing JSON messages create an empty file at /home/felix/.cache/metals/bsp.trace.json[0m
[0m2021.10.30 23:31:44 INFO  time: Connected to build server in 2.48s[0m
[0m2021.10.30 23:31:44 INFO  Connected to Build server: Bloop v1.4.10-8-8d1cbc4f[0m
[0m2021.10.30 23:31:45 WARN  Could not find java sources in None. Java symbols will not be available.[0m
[0m2021.10.30 23:31:45 INFO  time: indexed workspace in 1.41s[0m
[0m2021.10.30 23:31:47 INFO  no build target: using presentation compiler with only scala-library: 2.13.6[0m
[0m2021.10.30 23:31:48 INFO  compiling root-test (1 scala source)[0m
[0m2021.10.30 23:31:48 INFO  time: compiled root-test in 51ms[0m
No more data in the client stdin, exiting...
No more data in the client stdin, exiting...
java.util.concurrent.RejectedExecutionException: Task scala.concurrent.impl.CallbackRunnable@77e7afb9 rejected from java.util.concurrent.ThreadPoolExecutor@2b60bf06[Shutting down, pool size = 3, active threads = 3, queued tasks = 0, completed tasks = 196]
	at java.base/java.util.concurrent.ThreadPoolExecutor$AbortPolicy.rejectedExecution(ThreadPoolExecutor.java:2055)
	at java.base/java.util.concurrent.ThreadPoolExecutor.reject(ThreadPoolExecutor.java:825)
	at java.base/java.util.concurrent.ThreadPoolExecutor.execute(ThreadPoolExecutor.java:1355)
	at scala.concurrent.impl.ExecutionContextImpl$$anon$4.execute(ExecutionContextImpl.scala:138)
	at scala.concurrent.impl.CallbackRunnable.executeWithValue(Promise.scala:72)
	at scala.concurrent.impl.Promise$DefaultPromise.$anonfun$tryComplete$1(Promise.scala:288)
	at scala.concurrent.impl.Promise$DefaultPromise.$anonfun$tryComplete$1$adapted(Promise.scala:288)
	at scala.concurrent.impl.Promise$DefaultPromise.tryComplete(Promise.scala:288)
	at scala.concurrent.Promise.complete(Promise.scala:53)
	at scala.concurrent.Promise.complete$(Promise.scala:52)
	at scala.concurrent.impl.Promise$DefaultPromise.complete(Promise.scala:187)
	at scala.concurrent.impl.Promise.$anonfun$transform$1(Promise.scala:33)
	at scala.concurrent.impl.CallbackRunnable.run(Promise.scala:64)
	at java.base/java.util.concurrent.ThreadPoolExecutor.runWorker(ThreadPoolExecutor.java:1128)
	at java.base/java.util.concurrent.ThreadPoolExecutor$Worker.run(ThreadPoolExecutor.java:628)
	at java.base/java.lang.Thread.run(Thread.java:829)
[0m2021.10.30 23:34:45 INFO  Started: Metals version 0.10.8 in workspace '/home/felix/coding/CodingComps/ACSLPracticeProblems/oct28codingclubproblem' for client coc.nvim 0.0.80.[0m
[0m2021.10.30 23:34:46 INFO  time: initialize in 1s[0m
[0m2021.10.30 23:34:46 INFO  Attempting to connect to the build server...[0m
Starting the bsp launcher for bloop...
Opening a bsp server connection with 'bsp --protocol local --socket /tmp/bsp-launcher18195191487919055806/bsp.socket'...
Waiting for the bsp connection to come up...
[0m2021.10.30 23:34:46 INFO  skipping build import with status 'Installed'[0m
Waiting for the bsp connection to come up...
No server running at 127.0.0.1:8212, let's fire one...
Resolving ch.epfl.scala:bloop-frontend_2.12:1.4.10-8-8d1cbc4f...
Starting bloop server at 127.0.0.1:8212...
Attempting a connection to the server...
Attempting a connection to the server...
Attempting a connection to the server...
[0m[32m[D][0m Waiting for a connection at local:///tmp/bsp-launcher18195191487919055806/bsp.socket...
The server is listening for incoming connections at local:///tmp/bsp-launcher18195191487919055806/bsp.socket...
Starting thread that pumps stdin and redirects it to the bsp server...
Starting thread that pumps server stdout and redirects it to the client stdout...
[0m2021.10.30 23:34:48 INFO  tracing is disabled for protocol BSP, to enable tracing of incoming and outgoing JSON messages create an empty file at /home/felix/.cache/metals/bsp.trace.json[0m
[0m2021.10.30 23:34:48 INFO  Attempting to connect to the build server...[0m
Starting the bsp launcher for bloop...
Opening a bsp server connection with 'bsp --protocol local --socket /tmp/bsp-launcher17389865533528739238/bsp.socket'...
Waiting for the bsp connection to come up...
[0m[32m[D][0m Waiting for a connection at local:///tmp/bsp-launcher17389865533528739238/bsp.socket...
The server is listening for incoming connections at local:///tmp/bsp-launcher17389865533528739238/bsp.socket...
Starting thread that pumps stdin and redirects it to the bsp server...
Starting thread that pumps server stdout and redirects it to the client stdout...
[0m2021.10.30 23:34:49 INFO  tracing is disabled for protocol BSP, to enable tracing of incoming and outgoing JSON messages create an empty file at /home/felix/.cache/metals/bsp.trace.json[0m
[0m2021.10.30 23:34:49 INFO  time: Connected to build server in 2.51s[0m
[0m2021.10.30 23:34:49 INFO  Connected to Build server: Bloop v1.4.10-8-8d1cbc4f[0m
[0m2021.10.30 23:34:50 WARN  Could not find java sources in None. Java symbols will not be available.[0m
[0m2021.10.30 23:34:50 INFO  time: indexed workspace in 1.5s[0m
[0m2021.10.30 23:34:52 INFO  no build target: using presentation compiler with only scala-library: 2.13.6[0m
[0m2021.10.30 23:34:53 INFO  compiling root-test (1 scala source)[0m
[0m2021.10.30 23:34:53 INFO  time: compiled root-test in 0.13s[0m
No more data in the server stdin, exiting...
No more data in the server stdin, exiting...
Unexpected exception when forwarding server stdin ---> client stdout
java.io.IOException: com.sun.jna.LastErrorException: [104] Connection reset by peer
	at bloop.sockets.UnixDomainSocket$UnixDomainSocketInputStream.doRead(UnixDomainSocket.java:171)
	at bloop.sockets.UnixDomainSocket$UnixDomainSocketInputStream.read(UnixDomainSocket.java:156)
	at java.base/java.nio.channels.Channels$ReadableByteChannelImpl.read(Channels.java:388)
	at bloop.launcher.bsp.BspBridge.copyContents(BspBridge.scala:289)
	at bloop.launcher.bsp.BspBridge.forwardStreamContents(BspBridge.scala:275)
	at bloop.launcher.bsp.BspBridge.$anonfun$wireBspConnectionStreams$2(BspBridge.scala:228)
	at bloop.bloopgun.core.Shell$$anon$2.run(Shell.scala:156)
Caused by: com.sun.jna.LastErrorException: [104] Connection reset by peer
	at bloop.sockets.UnixDomainSocketLibrary.read(Native Method)
	at bloop.sockets.UnixDomainSocket$UnixDomainSocketInputStream.doRead(UnixDomainSocket.java:169)
	... 6 more
[0m2021.10.30 23:38:37 INFO  Started: Metals version 0.10.8 in workspace '/home/felix/coding/CodingComps/ACSLPracticeProblems/oct28codingclubproblem' for client coc.nvim 0.0.80.[0m
[0m2021.10.30 23:38:38 INFO  time: initialize in 1s[0m
[0m2021.10.30 23:38:42 INFO  Attempting to connect to the build server...[0m
Starting the bsp launcher for bloop...
Opening a bsp server connection with 'bsp --protocol local --socket /tmp/bsp-launcher12110479416400012698/bsp.socket'...
Waiting for the bsp connection to come up...
[0m2021.10.30 23:38:42 INFO  skipping build import with status 'Installed'[0m
Waiting for the bsp connection to come up...
No server running at 127.0.0.1:8212, let's fire one...
Resolving ch.epfl.scala:bloop-frontend_2.12:1.4.10-8-8d1cbc4f...
Starting bloop server at 127.0.0.1:8212...
Attempting a connection to the server...
Attempting a connection to the server...
Attempting a connection to the server...
[0m[32m[D][0m Waiting for a connection at local:///tmp/bsp-launcher12110479416400012698/bsp.socket...
The server is listening for incoming connections at local:///tmp/bsp-launcher12110479416400012698/bsp.socket...
Starting thread that pumps stdin and redirects it to the bsp server...
Starting thread that pumps server stdout and redirects it to the client stdout...
[0m2021.10.30 23:38:44 INFO  tracing is disabled for protocol BSP, to enable tracing of incoming and outgoing JSON messages create an empty file at /home/felix/.cache/metals/bsp.trace.json[0m
[0m2021.10.30 23:38:44 INFO  Attempting to connect to the build server...[0m
Starting the bsp launcher for bloop...
Opening a bsp server connection with 'bsp --protocol local --socket /tmp/bsp-launcher6071131083559285683/bsp.socket'...
Waiting for the bsp connection to come up...
[0m[32m[D][0m Waiting for a connection at local:///tmp/bsp-launcher6071131083559285683/bsp.socket...
The server is listening for incoming connections at local:///tmp/bsp-launcher6071131083559285683/bsp.socket...
Starting thread that pumps stdin and redirects it to the bsp server...
Starting thread that pumps server stdout and redirects it to the client stdout...
[0m2021.10.30 23:38:44 INFO  tracing is disabled for protocol BSP, to enable tracing of incoming and outgoing JSON messages create an empty file at /home/felix/.cache/metals/bsp.trace.json[0m
[0m2021.10.30 23:38:44 INFO  time: Connected to build server in 2.4s[0m
[0m2021.10.30 23:38:44 INFO  Connected to Build server: Bloop v1.4.10-8-8d1cbc4f[0m
[0m2021.10.30 23:38:45 WARN  Could not find java sources in None. Java symbols will not be available.[0m
[0m2021.10.30 23:38:45 INFO  time: indexed workspace in 1.41s[0m
[0m2021.10.30 23:38:47 INFO  no build target: using presentation compiler with only scala-library: 2.13.6[0m
[0m2021.10.30 23:38:48 INFO  compiling root-test (1 scala source)[0m
[0m2021.10.30 23:38:48 INFO  time: compiled root-test in 0.2s[0m
No more data in the server stdin, exiting...
No more data in the server stdin, exiting...
Unexpected exception when forwarding server stdin ---> client stdout
java.io.IOException: com.sun.jna.LastErrorException: [104] Connection reset by peer
	at bloop.sockets.UnixDomainSocket$UnixDomainSocketInputStream.doRead(UnixDomainSocket.java:171)
	at bloop.sockets.UnixDomainSocket$UnixDomainSocketInputStream.read(UnixDomainSocket.java:156)
	at java.base/java.nio.channels.Channels$ReadableByteChannelImpl.read(Channels.java:388)
	at bloop.launcher.bsp.BspBridge.copyContents(BspBridge.scala:289)
	at bloop.launcher.bsp.BspBridge.forwardStreamContents(BspBridge.scala:275)
	at bloop.launcher.bsp.BspBridge.$anonfun$wireBspConnectionStreams$2(BspBridge.scala:228)
	at bloop.bloopgun.core.Shell$$anon$2.run(Shell.scala:156)
Caused by: com.sun.jna.LastErrorException: [104] Connection reset by peer
	at bloop.sockets.UnixDomainSocketLibrary.read(Native Method)
	at bloop.sockets.UnixDomainSocket$UnixDomainSocketInputStream.doRead(UnixDomainSocket.java:169)
	... 6 more
[0m2021.10.30 23:40:56 INFO  Started: Metals version 0.10.8 in workspace '/home/felix/coding/CodingComps/ACSLPracticeProblems/oct28codingclubproblem' for client coc.nvim 0.0.80.[0m
[0m2021.10.30 23:40:57 INFO  time: initialize in 1.01s[0m
[0m2021.10.30 23:41:01 INFO  Attempting to connect to the build server...[0m
Starting the bsp launcher for bloop...
Opening a bsp server connection with 'bsp --protocol local --socket /tmp/bsp-launcher8888834856440734662/bsp.socket'...
Waiting for the bsp connection to come up...
[0m2021.10.30 23:41:01 INFO  skipping build import with status 'Installed'[0m
Waiting for the bsp connection to come up...
No server running at 127.0.0.1:8212, let's fire one...
Resolving ch.epfl.scala:bloop-frontend_2.12:1.4.10-8-8d1cbc4f...
Starting bloop server at 127.0.0.1:8212...
Attempting a connection to the server...
Attempting a connection to the server...
Attempting a connection to the server...
[0m[32m[D][0m Waiting for a connection at local:///tmp/bsp-launcher8888834856440734662/bsp.socket...
The server is listening for incoming connections at local:///tmp/bsp-launcher8888834856440734662/bsp.socket...
Starting thread that pumps stdin and redirects it to the bsp server...
Starting thread that pumps server stdout and redirects it to the client stdout...
[0m2021.10.30 23:41:02 INFO  tracing is disabled for protocol BSP, to enable tracing of incoming and outgoing JSON messages create an empty file at /home/felix/.cache/metals/bsp.trace.json[0m
[0m2021.10.30 23:41:02 INFO  Attempting to connect to the build server...[0m
Starting the bsp launcher for bloop...
Opening a bsp server connection with 'bsp --protocol local --socket /tmp/bsp-launcher7335827237696705094/bsp.socket'...
Waiting for the bsp connection to come up...
[0m[32m[D][0m Waiting for a connection at local:///tmp/bsp-launcher7335827237696705094/bsp.socket...
The server is listening for incoming connections at local:///tmp/bsp-launcher7335827237696705094/bsp.socket...
Starting thread that pumps stdin and redirects it to the bsp server...
Starting thread that pumps server stdout and redirects it to the client stdout...
[0m2021.10.30 23:41:03 INFO  tracing is disabled for protocol BSP, to enable tracing of incoming and outgoing JSON messages create an empty file at /home/felix/.cache/metals/bsp.trace.json[0m
[0m2021.10.30 23:41:03 INFO  time: Connected to build server in 2.32s[0m
[0m2021.10.30 23:41:03 INFO  Connected to Build server: Bloop v1.4.10-8-8d1cbc4f[0m
[0m2021.10.30 23:41:04 WARN  Could not find java sources in None. Java symbols will not be available.[0m
[0m2021.10.30 23:41:04 INFO  time: indexed workspace in 1.48s[0m
[0m2021.10.30 23:41:06 INFO  no build target: using presentation compiler with only scala-library: 2.13.6[0m
[0m2021.10.30 23:41:07 INFO  compiling root-test (1 scala source)[0m
[0m2021.10.30 23:41:07 INFO  time: compiled root-test in 0.11s[0m
Oct 30, 2021 11:44:52 PM org.eclipse.lsp4j.jsonrpc.RemoteEndpoint handleCancellation
WARNING: Unmatched cancel notification for request id 97
No more data in the server stdin, exiting...
No more data in the server stdin, exiting...
Unexpected exception when forwarding server stdin ---> client stdout
java.io.IOException: com.sun.jna.LastErrorException: [104] Connection reset by peer
	at bloop.sockets.UnixDomainSocket$UnixDomainSocketInputStream.doRead(UnixDomainSocket.java:171)
	at bloop.sockets.UnixDomainSocket$UnixDomainSocketInputStream.read(UnixDomainSocket.java:156)
	at java.base/java.nio.channels.Channels$ReadableByteChannelImpl.read(Channels.java:388)
	at bloop.launcher.bsp.BspBridge.copyContents(BspBridge.scala:289)
	at bloop.launcher.bsp.BspBridge.forwardStreamContents(BspBridge.scala:275)
	at bloop.launcher.bsp.BspBridge.$anonfun$wireBspConnectionStreams$2(BspBridge.scala:228)
	at bloop.bloopgun.core.Shell$$anon$2.run(Shell.scala:156)
Caused by: com.sun.jna.LastErrorException: [104] Connection reset by peer
	at bloop.sockets.UnixDomainSocketLibrary.read(Native Method)
	at bloop.sockets.UnixDomainSocket$UnixDomainSocketInputStream.doRead(UnixDomainSocket.java:169)
	... 6 more
[0m2021.10.30 23:52:51 INFO  Started: Metals version 0.10.8 in workspace '/home/felix/coding/CodingComps/ACSLPracticeProblems/oct28codingclubproblem' for client coc.nvim 0.0.80.[0m
[0m2021.10.30 23:52:52 INFO  time: initialize in 0.94s[0m
[0m2021.10.30 23:52:56 INFO  Attempting to connect to the build server...[0m
Starting the bsp launcher for bloop...
Opening a bsp server connection with 'bsp --protocol local --socket /tmp/bsp-launcher11338838543717366262/bsp.socket'...
Waiting for the bsp connection to come up...
[0m2021.10.30 23:52:56 INFO  skipping build import with status 'Installed'[0m
Waiting for the bsp connection to come up...
No server running at 127.0.0.1:8212, let's fire one...
Resolving ch.epfl.scala:bloop-frontend_2.12:1.4.10-8-8d1cbc4f...
Starting bloop server at 127.0.0.1:8212...
Attempting a connection to the server...
Attempting a connection to the server...
Attempting a connection to the server...
[0m[32m[D][0m Waiting for a connection at local:///tmp/bsp-launcher11338838543717366262/bsp.socket...
The server is listening for incoming connections at local:///tmp/bsp-launcher11338838543717366262/bsp.socket...
Starting thread that pumps stdin and redirects it to the bsp server...
Starting thread that pumps server stdout and redirects it to the client stdout...
[0m2021.10.30 23:52:57 INFO  tracing is disabled for protocol BSP, to enable tracing of incoming and outgoing JSON messages create an empty file at /home/felix/.cache/metals/bsp.trace.json[0m
[0m2021.10.30 23:52:57 INFO  Attempting to connect to the build server...[0m
Starting the bsp launcher for bloop...
Opening a bsp server connection with 'bsp --protocol local --socket /tmp/bsp-launcher7584533738322751438/bsp.socket'...
Waiting for the bsp connection to come up...
[0m[32m[D][0m Waiting for a connection at local:///tmp/bsp-launcher7584533738322751438/bsp.socket...
The server is listening for incoming connections at local:///tmp/bsp-launcher7584533738322751438/bsp.socket...
Starting thread that pumps stdin and redirects it to the bsp server...
Starting thread that pumps server stdout and redirects it to the client stdout...
[0m2021.10.30 23:52:58 INFO  tracing is disabled for protocol BSP, to enable tracing of incoming and outgoing JSON messages create an empty file at /home/felix/.cache/metals/bsp.trace.json[0m
[0m2021.10.30 23:52:58 INFO  time: Connected to build server in 2.33s[0m
[0m2021.10.30 23:52:58 INFO  Connected to Build server: Bloop v1.4.10-8-8d1cbc4f[0m
[0m2021.10.30 23:52:59 WARN  Could not find java sources in None. Java symbols will not be available.[0m
[0m2021.10.30 23:52:59 INFO  time: indexed workspace in 1.37s[0m
[0m2021.10.30 23:53:00 INFO  compiling root (1 scala source)[0m
[0m2021.10.30 23:53:01 INFO  no build target: using presentation compiler with only scala-library: 2.13.6[0m
[0m2021.10.30 23:53:24 INFO  Started: Metals version 0.10.8 in workspace '/home/felix/coding/CodingComps/ACSLPracticeProblems/oct28codingclubproblem' for client coc.nvim 0.0.80.[0m
[0m2021.10.30 23:53:25 INFO  time: initialize in 0.99s[0m
[0m2021.10.30 23:53:26 INFO  Attempting to connect to the build server...[0m
Starting the bsp launcher for bloop...
Opening a bsp server connection with 'bsp --protocol local --socket /tmp/bsp-launcher16202820710177860836/bsp.socket'...
Waiting for the bsp connection to come up...
[0m2021.10.30 23:53:25 INFO  skipping build import with status 'Installed'[0m
Waiting for the bsp connection to come up...
No server running at 127.0.0.1:8212, let's fire one...
Resolving ch.epfl.scala:bloop-frontend_2.12:1.4.10-8-8d1cbc4f...
Starting bloop server at 127.0.0.1:8212...
Attempting a connection to the server...
Attempting a connection to the server...
Attempting a connection to the server...
[0m[32m[D][0m Waiting for a connection at local:///tmp/bsp-launcher16202820710177860836/bsp.socket...
The server is listening for incoming connections at local:///tmp/bsp-launcher16202820710177860836/bsp.socket...
Starting thread that pumps stdin and redirects it to the bsp server...
Starting thread that pumps server stdout and redirects it to the client stdout...
[0m2021.10.30 23:53:28 INFO  tracing is disabled for protocol BSP, to enable tracing of incoming and outgoing JSON messages create an empty file at /home/felix/.cache/metals/bsp.trace.json[0m
[0m2021.10.30 23:53:28 INFO  Attempting to connect to the build server...[0m
Starting the bsp launcher for bloop...
Opening a bsp server connection with 'bsp --protocol local --socket /tmp/bsp-launcher15883604372269245144/bsp.socket'...
Waiting for the bsp connection to come up...
[0m[32m[D][0m Waiting for a connection at local:///tmp/bsp-launcher15883604372269245144/bsp.socket...
The server is listening for incoming connections at local:///tmp/bsp-launcher15883604372269245144/bsp.socket...
Starting thread that pumps stdin and redirects it to the bsp server...
Starting thread that pumps server stdout and redirects it to the client stdout...
[0m2021.10.30 23:53:28 INFO  tracing is disabled for protocol BSP, to enable tracing of incoming and outgoing JSON messages create an empty file at /home/felix/.cache/metals/bsp.trace.json[0m
[0m2021.10.30 23:53:28 INFO  time: Connected to build server in 2.52s[0m
[0m2021.10.30 23:53:28 INFO  Connected to Build server: Bloop v1.4.10-8-8d1cbc4f[0m
[0m2021.10.30 23:53:30 WARN  Could not find java sources in None. Java symbols will not be available.[0m
[0m2021.10.30 23:53:30 INFO  time: indexed workspace in 1.44s[0m
[0m2021.10.30 23:53:30 INFO  compiling root (1 scala source)[0m
[0m2021.10.30 23:53:31 INFO  no build target: using presentation compiler with only scala-library: 2.13.6[0m
[0m2021.10.30 23:53:34 INFO  time: compiled root in 3.58s[0m
[0m2021.10.30 23:53:34 INFO  compiling root-test (1 scala source)[0m
[0m2021.10.30 23:53:34 INFO  time: compiled root-test in 0.4s[0m
No more data in the client stdin, exiting...
No more data in the client stdin, exiting...
java.util.concurrent.RejectedExecutionException: Task scala.concurrent.impl.CallbackRunnable@7862b8a rejected from java.util.concurrent.ThreadPoolExecutor@1d2a6398[Shutting down, pool size = 12, active threads = 3, queued tasks = 0, completed tasks = 373]
	at java.base/java.util.concurrent.ThreadPoolExecutor$AbortPolicy.rejectedExecution(ThreadPoolExecutor.java:2055)
	at java.base/java.util.concurrent.ThreadPoolExecutor.reject(ThreadPoolExecutor.java:825)
	at java.base/java.util.concurrent.ThreadPoolExecutor.execute(ThreadPoolExecutor.java:1355)
	at scala.concurrent.impl.ExecutionContextImpl$$anon$4.execute(ExecutionContextImpl.scala:138)
	at scala.concurrent.impl.CallbackRunnable.executeWithValue(Promise.scala:72)
	at scala.concurrent.impl.Promise$DefaultPromise.$anonfun$tryComplete$1(Promise.scala:288)
	at scala.concurrent.impl.Promise$DefaultPromise.$anonfun$tryComplete$1$adapted(Promise.scala:288)
	at scala.concurrent.impl.Promise$DefaultPromise.tryComplete(Promise.scala:288)
	at scala.concurrent.Promise.complete(Promise.scala:53)
	at scala.concurrent.Promise.complete$(Promise.scala:52)
	at scala.concurrent.impl.Promise$DefaultPromise.complete(Promise.scala:187)
	at scala.concurrent.impl.Promise.$anonfun$transform$1(Promise.scala:33)
	at scala.concurrent.impl.CallbackRunnable.run(Promise.scala:64)
	at java.base/java.util.concurrent.ThreadPoolExecutor.runWorker(ThreadPoolExecutor.java:1128)
	at java.base/java.util.concurrent.ThreadPoolExecutor$Worker.run(ThreadPoolExecutor.java:628)
	at java.base/java.lang.Thread.run(Thread.java:829)
[0m2021.10.30 23:56:19 INFO  Started: Metals version 0.10.8 in workspace '/home/felix/coding/CodingComps/ACSLPracticeProblems/oct28codingclubproblem' for client coc.nvim 0.0.80.[0m
[0m2021.10.30 23:56:20 INFO  time: initialize in 0.96s[0m
[0m2021.10.30 23:56:20 INFO  Attempting to connect to the build server...[0m
Starting the bsp launcher for bloop...
Opening a bsp server connection with 'bsp --protocol local --socket /tmp/bsp-launcher2123474397619131971/bsp.socket'...
Waiting for the bsp connection to come up...
[0m2021.10.30 23:56:20 INFO  skipping build import with status 'Installed'[0m
Waiting for the bsp connection to come up...
No server running at 127.0.0.1:8212, let's fire one...
Resolving ch.epfl.scala:bloop-frontend_2.12:1.4.10-8-8d1cbc4f...
Starting bloop server at 127.0.0.1:8212...
Attempting a connection to the server...
Attempting a connection to the server...
Attempting a connection to the server...
[0m[32m[D][0m Waiting for a connection at local:///tmp/bsp-launcher2123474397619131971/bsp.socket...
The server is listening for incoming connections at local:///tmp/bsp-launcher2123474397619131971/bsp.socket...
Starting thread that pumps stdin and redirects it to the bsp server...
Starting thread that pumps server stdout and redirects it to the client stdout...
[0m2021.10.30 23:56:22 INFO  tracing is disabled for protocol BSP, to enable tracing of incoming and outgoing JSON messages create an empty file at /home/felix/.cache/metals/bsp.trace.json[0m
[0m2021.10.30 23:56:22 INFO  Attempting to connect to the build server...[0m
Starting the bsp launcher for bloop...
Opening a bsp server connection with 'bsp --protocol local --socket /tmp/bsp-launcher3606446490442584808/bsp.socket'...
Waiting for the bsp connection to come up...
[0m[32m[D][0m Waiting for a connection at local:///tmp/bsp-launcher3606446490442584808/bsp.socket...
The server is listening for incoming connections at local:///tmp/bsp-launcher3606446490442584808/bsp.socket...
Starting thread that pumps stdin and redirects it to the bsp server...
Starting thread that pumps server stdout and redirects it to the client stdout...
[0m2021.10.30 23:56:23 INFO  tracing is disabled for protocol BSP, to enable tracing of incoming and outgoing JSON messages create an empty file at /home/felix/.cache/metals/bsp.trace.json[0m
[0m2021.10.30 23:56:23 INFO  time: Connected to build server in 2.36s[0m
[0m2021.10.30 23:56:23 INFO  Connected to Build server: Bloop v1.4.10-8-8d1cbc4f[0m
[0m2021.10.30 23:56:24 WARN  Could not find java sources in None. Java symbols will not be available.[0m
[0m2021.10.30 23:56:24 INFO  time: indexed workspace in 1.41s[0m
[0m2021.10.30 23:56:25 INFO  compiling root (1 scala source)[0m
[0m2021.10.30 23:56:26 INFO  no build target: using presentation compiler with only scala-library: 2.13.6[0m
[0m2021.10.30 23:56:28 INFO  compiling root-test (1 scala source)[0m
[0m2021.10.30 23:56:28 INFO  time: compiled root in 3.34s[0m
[0m2021.10.30 23:56:28 INFO  time: compiled root-test in 0.41s[0m
[0m2021.10.30 23:56:55 INFO  compiling root (1 scala source)[0m
[0m2021.10.30 23:56:55 INFO  time: compiled root in 0.22s[0m
[0m2021.10.30 23:56:55 INFO  compiling root (1 scala source)[0m
[0m2021.10.30 23:56:55 INFO  time: compiled root in 0.16s[0m
No more data in the server stdin, exiting...
No more data in the server stdin, exiting...
Unexpected exception when forwarding server stdin ---> client stdout
java.io.IOException: com.sun.jna.LastErrorException: [104] Connection reset by peer
	at bloop.sockets.UnixDomainSocket$UnixDomainSocketInputStream.doRead(UnixDomainSocket.java:171)
	at bloop.sockets.UnixDomainSocket$UnixDomainSocketInputStream.read(UnixDomainSocket.java:156)
	at java.base/java.nio.channels.Channels$ReadableByteChannelImpl.read(Channels.java:388)
	at bloop.launcher.bsp.BspBridge.copyContents(BspBridge.scala:289)
	at bloop.launcher.bsp.BspBridge.forwardStreamContents(BspBridge.scala:275)
	at bloop.launcher.bsp.BspBridge.$anonfun$wireBspConnectionStreams$2(BspBridge.scala:228)
	at bloop.bloopgun.core.Shell$$anon$2.run(Shell.scala:156)
Caused by: com.sun.jna.LastErrorException: [104] Connection reset by peer
	at bloop.sockets.UnixDomainSocketLibrary.read(Native Method)
	at bloop.sockets.UnixDomainSocket$UnixDomainSocketInputStream.doRead(UnixDomainSocket.java:169)
	... 6 more
[0m2021.10.31 00:01:05 INFO  Started: Metals version 0.10.8 in workspace '/home/felix/coding/CodingComps/ACSLPracticeProblems/oct28codingclubproblem' for client coc.nvim 0.0.80.[0m
[0m2021.10.31 00:01:06 INFO  time: initialize in 0.94s[0m
[0m2021.10.31 00:01:10 INFO  Attempting to connect to the build server...[0m
Starting the bsp launcher for bloop...
Opening a bsp server connection with 'bsp --protocol local --socket /tmp/bsp-launcher18056928458195993409/bsp.socket'...
Waiting for the bsp connection to come up...
[0m2021.10.31 00:01:10 INFO  skipping build import with status 'Installed'[0m
Waiting for the bsp connection to come up...
No server running at 127.0.0.1:8212, let's fire one...
Resolving ch.epfl.scala:bloop-frontend_2.12:1.4.10-8-8d1cbc4f...
Starting bloop server at 127.0.0.1:8212...
Attempting a connection to the server...
Attempting a connection to the server...
Attempting a connection to the server...
[0m[32m[D][0m Waiting for a connection at local:///tmp/bsp-launcher18056928458195993409/bsp.socket...
The server is listening for incoming connections at local:///tmp/bsp-launcher18056928458195993409/bsp.socket...
Starting thread that pumps stdin and redirects it to the bsp server...
Starting thread that pumps server stdout and redirects it to the client stdout...
[0m2021.10.31 00:01:12 INFO  tracing is disabled for protocol BSP, to enable tracing of incoming and outgoing JSON messages create an empty file at /home/felix/.cache/metals/bsp.trace.json[0m
[0m2021.10.31 00:01:13 INFO  no build target: using presentation compiler with only scala-library: 3.1.0[0m
[0m2021.10.31 00:01:12 INFO  Attempting to connect to the build server...[0m
Starting the bsp launcher for bloop...
Opening a bsp server connection with 'bsp --protocol local --socket /tmp/bsp-launcher1599925136451101659/bsp.socket'...
Waiting for the bsp connection to come up...
[0m[32m[D][0m Waiting for a connection at local:///tmp/bsp-launcher1599925136451101659/bsp.socket...
The server is listening for incoming connections at local:///tmp/bsp-launcher1599925136451101659/bsp.socket...
Starting thread that pumps stdin and redirects it to the bsp server...
Starting thread that pumps server stdout and redirects it to the client stdout...
[0m2021.10.31 00:01:13 INFO  tracing is disabled for protocol BSP, to enable tracing of incoming and outgoing JSON messages create an empty file at /home/felix/.cache/metals/bsp.trace.json[0m
[0m2021.10.31 00:01:13 INFO  time: Connected to build server in 2.83s[0m
[0m2021.10.31 00:01:13 INFO  Connected to Build server: Bloop v1.4.10-8-8d1cbc4f[0m
Oct 31, 2021 12:01:13 AM org.eclipse.lsp4j.jsonrpc.RemoteEndpoint handleCancellation
WARNING: Unmatched cancel notification for request id 1
[0m2021.10.31 00:01:14 WARN  Could not find java sources in None. Java symbols will not be available.[0m
[0m2021.10.31 00:01:14 INFO  time: indexed workspace in 1.3s[0m
[0m2021.10.31 00:01:16 INFO  no build target: using presentation compiler with only scala-library: 2.13.6[0m
[0m2021.10.31 00:01:16 INFO  compiling root-test (1 scala source)[0m
[0m2021.10.31 00:01:16 INFO  time: compiled root-test in 0.72s[0m
No more data in the server stdin, exiting...
No more data in the server stdin, exiting...
Unexpected exception when forwarding server stdin ---> client stdout
java.io.IOException: com.sun.jna.LastErrorException: [104] Connection reset by peer
	at bloop.sockets.UnixDomainSocket$UnixDomainSocketInputStream.doRead(UnixDomainSocket.java:171)
	at bloop.sockets.UnixDomainSocket$UnixDomainSocketInputStream.read(UnixDomainSocket.java:156)
	at java.base/java.nio.channels.Channels$ReadableByteChannelImpl.read(Channels.java:388)
	at bloop.launcher.bsp.BspBridge.copyContents(BspBridge.scala:289)
	at bloop.launcher.bsp.BspBridge.forwardStreamContents(BspBridge.scala:275)
	at bloop.launcher.bsp.BspBridge.$anonfun$wireBspConnectionStreams$2(BspBridge.scala:228)
	at bloop.bloopgun.core.Shell$$anon$2.run(Shell.scala:156)
Caused by: com.sun.jna.LastErrorException: [104] Connection reset by peer
	at bloop.sockets.UnixDomainSocketLibrary.read(Native Method)
	at bloop.sockets.UnixDomainSocket$UnixDomainSocketInputStream.doRead(UnixDomainSocket.java:169)
	... 6 more
