[0m2021.11.06 09:49:13 INFO  Started: Metals version 0.10.9 in workspace '/home/felix/coding/CodingComps/ACSLPracticeProblems/thebiggest' for client Visual Studio Code 1.61.2.[0m
[0m2021.11.06 09:49:14 INFO  time: initialize in 1.03s[0m
[0m2021.11.06 09:49:14 WARN  Build server is not auto-connectable.[0m
[0m2021.11.06 09:49:16 INFO  running '/usr/lib/jvm/java-11-openjdk-amd64/bin/java -Djline.terminal=jline.UnsupportedTerminal -Dsbt.log.noformat=true -Dfile.encoding=UTF-8 -jar /tmp/metals9468671609575865180/sbt-launch.jar -Dbloop.export-jar-classifiers=sources bloopInstall'[0m
[0m2021.11.06 09:49:17 WARN  no build target for: /home/felix/coding/CodingComps/ACSLPracticeProblems/thebiggest/project/metals.sbt[0m
[0m2021.11.06 09:49:17 WARN  no build target for: /home/felix/coding/CodingComps/ACSLPracticeProblems/thebiggest/project/project/metals.sbt[0m
[0m2021.11.06 09:49:16 INFO  skipping build import with status 'Started'[0m
[0m2021.11.06 09:49:18 INFO  [info] welcome to sbt 1.5.5 (Debian Java 11.0.12)[0m
[0m2021.11.06 09:49:19 INFO  no build target: using presentation compiler with only scala-library: 3.1.0[0m
[0m2021.11.06 09:49:20 INFO  [info] loading global plugins from /home/felix/.sbt/1.0/plugins[0m
[0m2021.11.06 09:49:22 INFO  [info] loading settings for project thebiggest-build-build from metals.sbt ...[0m
[0m2021.11.06 09:49:22 INFO  [info] loading project definition from /home/felix/coding/CodingComps/ACSLPracticeProblems/thebiggest/project/project[0m
[0m2021.11.06 09:49:29 INFO  [info] loading settings for project thebiggest-build from metals.sbt ...[0m
[0m2021.11.06 09:49:29 INFO  [info] loading project definition from /home/felix/coding/CodingComps/ACSLPracticeProblems/thebiggest/project[0m
[0m2021.11.06 09:49:30 INFO  [success] Generated .bloop/thebiggest-build.json[0m
[0m2021.11.06 09:49:30 INFO  [info] compiling 1 Scala source to /home/felix/coding/CodingComps/ACSLPracticeProblems/thebiggest/project/target/scala-2.12/sbt-1.0/classes ...[0m
[0m2021.11.06 09:49:33 INFO  [info] done compiling[0m
[0m2021.11.06 09:49:33 INFO  [success] Total time: 4 s, completed Nov 6, 2021, 9:49:33 AM[0m
[0m2021.11.06 09:49:34 INFO  [info] loading settings for project root from build.sbt ...[0m
[0m2021.11.06 09:49:34 INFO  [info] set current project to theBiggest (in build file:/home/felix/coding/CodingComps/ACSLPracticeProblems/thebiggest/)[0m
[0m2021.11.06 09:49:34 INFO  [success] Generated .bloop/root-test.json[0m
[0m2021.11.06 09:49:34 INFO  [success] Generated .bloop/root.json[0m
[0m2021.11.06 09:49:34 INFO  [success] Total time: 0 s, completed Nov 6, 2021, 9:49:34 AM[0m
[0m2021.11.06 09:49:35 INFO  time: ran 'sbt bloopInstall' in 18s[0m
[0m2021.11.06 09:49:35 INFO  Attempting to connect to the build server...[0m
Starting the bsp launcher for bloop...
Opening a bsp server connection with 'bsp --protocol local --socket /tmp/bsp-launcher8790489298953368589/bsp.socket'...
Waiting for the bsp connection to come up...
Waiting for the bsp connection to come up...
Waiting for the bsp connection to come up...
Waiting for the bsp connection to come up...
Waiting for the bsp connection to come up...
Waiting for the bsp connection to come up...
Waiting for the bsp connection to come up...
Waiting for the bsp connection to come up...
No server running at 127.0.0.1:8212, let's fire one...
Resolving ch.epfl.scala:bloop-frontend_2.12:1.4.11...
Starting bloop server at 127.0.0.1:8212...
Attempting a connection to the server...
Attempting a connection to the server...
Attempting a connection to the server...
[0m[32m[D][0m Loading 2 projects from '/home/felix/coding/CodingComps/ACSLPracticeProblems/thebiggest/.bloop'...
[0m[32m[D][0m Loading project from '/home/felix/coding/CodingComps/ACSLPracticeProblems/thebiggest/.bloop/root.json'
[0m[32m[D][0m Loading project from '/home/felix/coding/CodingComps/ACSLPracticeProblems/thebiggest/.bloop/root-test.json'
[0m[32m[D][0m Cache miss for scala instance org.scala-lang:scala-compiler:2.13.6.
[0m[32m[D][0m   => /home/felix/.cache/coursier/v1/https/repo1.maven.org/maven2/net/java/dev/jna/jna/5.3.1/jna-5.3.1.jar
[0m[32m[D][0m   => /home/felix/.cache/coursier/v1/https/repo1.maven.org/maven2/org/jline/jline/3.19.0/jline-3.19.0.jar
[0m[32m[D][0m   => /home/felix/.cache/coursier/v1/https/repo1.maven.org/maven2/org/scala-lang/scala-compiler/2.13.6/scala-compiler-2.13.6.jar
[0m[32m[D][0m   => /home/felix/.cache/coursier/v1/https/repo1.maven.org/maven2/org/scala-lang/scala-library/2.13.6/scala-library-2.13.6.jar
[0m[32m[D][0m   => /home/felix/.cache/coursier/v1/https/repo1.maven.org/maven2/org/scala-lang/scala-reflect/2.13.6/scala-reflect-2.13.6.jar
[0m[32m[D][0m Missing analysis file for project 'root'
[0m[32m[D][0m Missing analysis file for project 'root-test'
[0m[32m[D][0m Waiting for a connection at local:///tmp/bsp-launcher8790489298953368589/bsp.socket...
The server is listening for incoming connections at local:///tmp/bsp-launcher8790489298953368589/bsp.socket...
Starting thread that pumps stdin and redirects it to the bsp server...
Starting thread that pumps server stdout and redirects it to the client stdout...
[0m2021.11.06 09:49:42 INFO  tracing is disabled for protocol BSP, to enable tracing of incoming and outgoing JSON messages create an empty file at /home/felix/.cache/metals/bsp.trace.json[0m
[0m2021.11.06 09:49:49 INFO  Attempting to connect to the build server...[0m
Starting the bsp launcher for bloop...
Opening a bsp server connection with 'bsp --protocol local --socket /tmp/bsp-launcher1077769904617748684/bsp.socket'...
Waiting for the bsp connection to come up...
[0m[32m[D][0m Loading workspace settings from bloop.settings.json
[0m[32m[D][0m Waiting for a connection at local:///tmp/bsp-launcher1077769904617748684/bsp.socket...
The server is listening for incoming connections at local:///tmp/bsp-launcher1077769904617748684/bsp.socket...
Starting thread that pumps stdin and redirects it to the bsp server...
Starting thread that pumps server stdout and redirects it to the client stdout...
[0m2021.11.06 09:49:49 INFO  tracing is disabled for protocol BSP, to enable tracing of incoming and outgoing JSON messages create an empty file at /home/felix/.cache/metals/bsp.trace.json[0m
[0m2021.11.06 09:49:52 WARN  no build target for: /home/felix/coding/CodingComps/ACSLPracticeProblems/thebiggest/src/main/scala/Main.scala[0m
[0m2021.11.06 09:49:55 INFO  time: Connected to build server in 19s[0m
[0m2021.11.06 09:49:55 INFO  Connected to Build server: Bloop v1.4.11[0m
[0m2021.11.06 09:49:56 WARN  Could not find java sources in None. Java symbols will not be available.[0m
[0m2021.11.06 09:49:58 INFO  time: indexed workspace in 2.75s[0m
[0m2021.11.06 09:49:58 INFO  compiling root (1 scala source)[0m
[0m2021.11.06 09:49:59 INFO  no build target: using presentation compiler with only scala-library: 2.13.6[0m
Nov 06, 2021 9:50:02 AM org.eclipse.lsp4j.jsonrpc.services.GenericEndpoint notify
INFO: Unsupported notification method: $/setTrace
[0m2021.11.06 09:50:08 INFO  time: compiled root in 9.67s[0m
Nov 06, 2021 9:58:47 AM org.eclipse.lsp4j.jsonrpc.services.GenericEndpoint notify
INFO: Unsupported notification method: $/setTrace
Nov 06, 2021 9:58:47 AM org.eclipse.lsp4j.jsonrpc.services.GenericEndpoint notify
INFO: Unsupported notification method: $/setTrace
Nov 06, 2021 9:59:34 AM org.eclipse.lsp4j.jsonrpc.services.GenericEndpoint notify
INFO: Unsupported notification method: $/setTrace
Nov 06, 2021 9:59:34 AM org.eclipse.lsp4j.jsonrpc.services.GenericEndpoint notify
INFO: Unsupported notification method: $/setTrace
[0m2021.11.06 10:00:14 INFO  tracing is disabled for protocol dap-server, to enable tracing of incoming and outgoing JSON messages create an empty file at /home/felix/.cache/metals/dap-server.trace.json[0m
[0m2021.11.06 10:00:14 INFO  tracing is disabled for protocol dap-client, to enable tracing of incoming and outgoing JSON messages create an empty file at /home/felix/.cache/metals/dap-client.trace.json[0m
[0m2021.11.06 10:00:14 INFO  Starting debug proxy for [Main][0m
[0m2021.11.06 10:00:14 INFO  Trying to attach to remote debuggee VM localhost:47003 .[0m
[0m2021.11.06 10:00:14 INFO  Attaching to debuggee VM succeeded.[0m
[0m2021.11.06 10:00:14 INFO  Canceling debug proxy for [Main][0m
[0m2021.11.06 10:00:14 INFO  Closing debug server tcp://0.0.0.0:33369[0m
Nov 06, 2021 10:00:50 AM org.eclipse.lsp4j.jsonrpc.services.GenericEndpoint notify
INFO: Unsupported notification method: $/setTrace
Nov 06, 2021 10:00:50 AM org.eclipse.lsp4j.jsonrpc.services.GenericEndpoint notify
INFO: Unsupported notification method: $/setTrace
Nov 06, 2021 10:01:27 AM org.eclipse.lsp4j.jsonrpc.services.GenericEndpoint notify
INFO: Unsupported notification method: $/setTrace
Nov 06, 2021 10:01:27 AM org.eclipse.lsp4j.jsonrpc.services.GenericEndpoint notify
INFO: Unsupported notification method: $/setTrace
Nov 06, 2021 10:04:51 AM org.eclipse.lsp4j.jsonrpc.services.GenericEndpoint notify
INFO: Unsupported notification method: $/setTrace
Nov 06, 2021 10:05:03 AM org.eclipse.lsp4j.jsonrpc.services.GenericEndpoint notify
INFO: Unsupported notification method: $/setTrace
Nov 06, 2021 10:05:03 AM org.eclipse.lsp4j.jsonrpc.services.GenericEndpoint notify
INFO: Unsupported notification method: $/setTrace
Nov 06, 2021 10:05:29 AM org.eclipse.lsp4j.jsonrpc.services.GenericEndpoint notify
INFO: Unsupported notification method: $/setTrace
Nov 06, 2021 10:05:30 AM org.eclipse.lsp4j.jsonrpc.services.GenericEndpoint notify
INFO: Unsupported notification method: $/setTrace
Nov 06, 2021 10:05:36 AM org.eclipse.lsp4j.jsonrpc.services.GenericEndpoint notify
INFO: Unsupported notification method: $/setTrace
Nov 06, 2021 10:05:37 AM org.eclipse.lsp4j.jsonrpc.services.GenericEndpoint notify
INFO: Unsupported notification method: $/setTrace
Nov 06, 2021 10:05:47 AM org.eclipse.lsp4j.jsonrpc.services.GenericEndpoint notify
INFO: Unsupported notification method: $/setTrace
Nov 06, 2021 10:05:50 AM org.eclipse.lsp4j.jsonrpc.services.GenericEndpoint notify
INFO: Unsupported notification method: $/setTrace
Nov 06, 2021 10:05:59 AM org.eclipse.lsp4j.jsonrpc.services.GenericEndpoint notify
INFO: Unsupported notification method: $/setTrace
Nov 06, 2021 10:06:02 AM org.eclipse.lsp4j.jsonrpc.services.GenericEndpoint notify
INFO: Unsupported notification method: $/setTrace
Nov 06, 2021 10:06:07 AM org.eclipse.lsp4j.jsonrpc.services.GenericEndpoint notify
INFO: Unsupported notification method: $/setTrace
Nov 06, 2021 10:06:13 AM org.eclipse.lsp4j.jsonrpc.services.GenericEndpoint notify
INFO: Unsupported notification method: $/setTrace
Nov 06, 2021 10:06:16 AM org.eclipse.lsp4j.jsonrpc.services.GenericEndpoint notify
INFO: Unsupported notification method: $/setTrace
Nov 06, 2021 10:06:19 AM org.eclipse.lsp4j.jsonrpc.services.GenericEndpoint notify
INFO: Unsupported notification method: $/setTrace
Nov 06, 2021 10:06:23 AM org.eclipse.lsp4j.jsonrpc.services.GenericEndpoint notify
INFO: Unsupported notification method: $/setTrace
Nov 06, 2021 10:06:26 AM org.eclipse.lsp4j.jsonrpc.services.GenericEndpoint notify
INFO: Unsupported notification method: $/setTrace
Nov 06, 2021 10:06:29 AM org.eclipse.lsp4j.jsonrpc.services.GenericEndpoint notify
INFO: Unsupported notification method: $/setTrace
Nov 06, 2021 10:06:40 AM org.eclipse.lsp4j.jsonrpc.services.GenericEndpoint notify
INFO: Unsupported notification method: $/setTrace
Nov 06, 2021 10:06:49 AM org.eclipse.lsp4j.jsonrpc.services.GenericEndpoint notify
INFO: Unsupported notification method: $/setTrace
Nov 06, 2021 10:08:04 AM org.eclipse.lsp4j.jsonrpc.services.GenericEndpoint notify
INFO: Unsupported notification method: $/setTrace
Nov 06, 2021 10:08:04 AM org.eclipse.lsp4j.jsonrpc.services.GenericEndpoint notify
INFO: Unsupported notification method: $/setTrace
Nov 06, 2021 10:08:50 AM org.eclipse.lsp4j.jsonrpc.services.GenericEndpoint notify
INFO: Unsupported notification method: $/setTrace
Nov 06, 2021 10:08:50 AM org.eclipse.lsp4j.jsonrpc.services.GenericEndpoint notify
INFO: Unsupported notification method: $/setTrace
Nov 06, 2021 10:11:12 AM org.eclipse.lsp4j.jsonrpc.RemoteEndpoint handleCancellation
WARNING: Unmatched cancel notification for request id 112
[0m2021.11.06 10:11:45 INFO  compiling root (1 scala source)[0m
[0m2021.11.06 10:11:45 INFO  time: compiled root in 0.55s[0m
