[0m2021.11.06 09:35:55 INFO  Started: Metals version 0.10.9 in workspace '/home/felix/coding/CodingComps' for client Visual Studio Code 1.61.2.[0m
[0m2021.11.06 09:35:56 INFO  time: initialize in 1.02s[0m
[0m2021.11.06 09:35:56 WARN  Build server is not auto-connectable.[0m
[0m2021.11.06 09:35:56 WARN  no build tool detected in workspace '/home/felix/coding/CodingComps'. The most common cause for this problem is that the editor was opened in the wrong working directory, for example if you use sbt then the workspace directory should contain build.sbt. [0m
[0m2021.11.06 09:36:44 INFO  shutting down Metals[0m
2022.02.11 19:36:35 INFO  Started: Metals version 0.11.1 in workspace '/home/felix/coding/CCS' for client Neovim 0.6.1.[0m
2022.02.11 19:36:35 WARN  Can't instantiate JavaInteractiveSemanticdb (version: None, jdkHome: /home/felix/coding/CCS/ACSLContests/.jdks/openjdk-17.0.1, javac exists: false)[0m
2022.02.11 19:36:36 INFO  time: initialize in 0.96s[0m
2022.02.11 19:36:36 WARN  Build server is not auto-connectable.[0m
2022.02.11 19:36:36 WARN  no build tool detected in workspace '/home/felix/coding/CCS'. The most common cause for this problem is that the editor was opened in the wrong working directory, for example if you use sbt then the workspace directory should contain build.sbt. [0m
2022.02.11 19:37:46 INFO  shutting down Metals[0m
2022.02.11 19:53:56 INFO  Started: Metals version 0.11.1 in workspace '/home/felix/coding/CCS' for client Neovim 0.6.1.[0m
2022.02.11 19:53:56 WARN  Can't instantiate JavaInteractiveSemanticdb (version: None, jdkHome: /home/felix/coding/CCS/ACSLContests/.jdks/openjdk-17.0.1, javac exists: false)[0m
2022.02.11 19:53:57 INFO  time: initialize in 0.93s[0m
2022.02.11 19:53:57 WARN  Build server is not auto-connectable.[0m
2022.02.11 19:53:57 WARN  no build tool detected in workspace '/home/felix/coding/CCS'. The most common cause for this problem is that the editor was opened in the wrong working directory, for example if you use sbt then the workspace directory should contain build.sbt. [0m
2022.02.11 20:27:05 INFO  shutting down Metals[0m
2022.02.11 20:28:10 INFO  Started: Metals version 0.11.1 in workspace '/home/felix/coding/CCS' for client Neovim 0.6.1.[0m
2022.02.11 20:28:10 WARN  Can't instantiate JavaInteractiveSemanticdb (version: None, jdkHome: /home/felix/coding/CCS/ACSLContests/.jdks/openjdk-17.0.1, javac exists: false)[0m
2022.02.11 20:28:11 INFO  time: initialize in 0.95s[0m
2022.02.11 20:28:11 WARN  Build server is not auto-connectable.[0m
2022.02.11 20:28:11 WARN  no build tool detected in workspace '/home/felix/coding/CCS'. The most common cause for this problem is that the editor was opened in the wrong working directory, for example if you use sbt then the workspace directory should contain build.sbt. [0m
2022.02.11 20:29:33 INFO  shutting down Metals[0m
2022.02.11 20:29:39 INFO  Started: Metals version 0.11.1 in workspace '/home/felix/coding/CCS' for client Neovim 0.6.1.[0m
2022.02.11 20:29:39 WARN  Can't instantiate JavaInteractiveSemanticdb (version: None, jdkHome: /home/felix/coding/CCS/ACSLContests/.jdks/openjdk-17.0.1, javac exists: false)[0m
2022.02.11 20:29:40 INFO  time: initialize in 0.96s[0m
2022.02.11 20:29:40 WARN  Build server is not auto-connectable.[0m
2022.02.11 20:29:40 WARN  no build tool detected in workspace '/home/felix/coding/CCS'. The most common cause for this problem is that the editor was opened in the wrong working directory, for example if you use sbt then the workspace directory should contain build.sbt. [0m
2022.02.11 20:32:39 INFO  shutting down Metals[0m
2022.02.11 20:32:41 INFO  Started: Metals version 0.11.1 in workspace '/home/felix/coding/CCS' for client Neovim 0.6.1.[0m
2022.02.11 20:32:41 WARN  Can't instantiate JavaInteractiveSemanticdb (version: None, jdkHome: /home/felix/coding/CCS/ACSLContests/.jdks/openjdk-17.0.1, javac exists: false)[0m
2022.02.11 20:32:42 INFO  time: initialize in 0.84s[0m
2022.02.11 20:32:42 WARN  Build server is not auto-connectable.[0m
2022.02.11 20:32:42 WARN  no build tool detected in workspace '/home/felix/coding/CCS'. The most common cause for this problem is that the editor was opened in the wrong working directory, for example if you use sbt then the workspace directory should contain build.sbt. [0m
2022.02.11 20:34:11 INFO  shutting down Metals[0m
2022.02.11 20:34:13 INFO  Started: Metals version 0.11.1 in workspace '/home/felix/coding/CCS' for client Neovim 0.6.1.[0m
2022.02.11 20:34:13 WARN  Can't instantiate JavaInteractiveSemanticdb (version: None, jdkHome: /home/felix/coding/CCS/ACSLContests/.jdks/openjdk-17.0.1, javac exists: false)[0m
2022.02.11 20:34:14 INFO  time: initialize in 0.99s[0m
2022.02.11 20:34:14 WARN  Build server is not auto-connectable.[0m
2022.02.11 20:34:14 WARN  no build tool detected in workspace '/home/felix/coding/CCS'. The most common cause for this problem is that the editor was opened in the wrong working directory, for example if you use sbt then the workspace directory should contain build.sbt. [0m
2022.02.11 20:40:56 INFO  shutting down Metals[0m
2022.02.11 20:40:58 INFO  Started: Metals version 0.11.1 in workspace '/home/felix/coding/CCS' for client Neovim 0.6.1.[0m
2022.02.11 20:40:58 WARN  Can't instantiate JavaInteractiveSemanticdb (version: None, jdkHome: /home/felix/coding/CCS/ACSLContests/.jdks/openjdk-17.0.1, javac exists: false)[0m
2022.02.11 20:40:59 INFO  time: initialize in 0.84s[0m
2022.02.11 20:40:59 WARN  Build server is not auto-connectable.[0m
2022.02.11 20:40:59 WARN  no build tool detected in workspace '/home/felix/coding/CCS'. The most common cause for this problem is that the editor was opened in the wrong working directory, for example if you use sbt then the workspace directory should contain build.sbt. [0m
2022.02.11 20:54:23 INFO  shutting down Metals[0m
2022.03.18 21:47:54 INFO  tracing is disabled for protocol LSP, to enable tracing of incoming and outgoing JSON messages create an empty file at /home/felix/coding/CCS/.metals/lsp.trace.json or /home/felix/.cache/metals/lsp.trace.json[0m
2022.03.18 21:47:54 INFO  logging to file /home/felix/coding/CCS/.metals/metals.log[0m
2022.03.18 21:47:54 INFO  Started: Metals version 0.11.1 in workspace '/home/felix/coding/CCS' for client Neovim 0.6.1.[0m
2022.03.18 21:47:54 WARN  Can't instantiate JavaInteractiveSemanticdb (version: None, jdkHome: /home/felix/coding/CCS/.jdks/openjdk-17.0.1, javac exists: false)[0m
2022.03.18 21:47:55 INFO  time: initialize in 0.99s[0m
2022.03.18 21:47:56 WARN  Build server is not auto-connectable.[0m
2022.03.18 21:47:56 WARN  no build tool detected in workspace '/home/felix/coding/CCS'. The most common cause for this problem is that the editor was opened in the wrong working directory, for example if you use sbt then the workspace directory should contain build.sbt. [0m
2022.03.18 21:48:40 INFO  shutting down Metals[0m
2022.03.18 21:51:01 INFO  tracing is disabled for protocol LSP, to enable tracing of incoming and outgoing JSON messages create an empty file at /home/felix/coding/CCS/.metals/lsp.trace.json or /home/felix/.cache/metals/lsp.trace.json[0m
2022.03.18 21:51:01 INFO  logging to file /home/felix/coding/CCS/.metals/metals.log[0m
2022.03.18 21:51:01 INFO  Started: Metals version 0.11.1 in workspace '/home/felix/coding/CCS' for client Neovim 0.6.1.[0m
2022.03.18 21:51:01 WARN  Can't instantiate JavaInteractiveSemanticdb (version: None, jdkHome: /home/felix/coding/CCS/.jdks/openjdk-17.0.1, javac exists: false)[0m
2022.03.18 21:51:02 INFO  time: initialize in 0.99s[0m
2022.03.18 21:51:02 WARN  Build server is not auto-connectable.[0m
2022.03.18 21:51:02 WARN  no build tool detected in workspace '/home/felix/coding/CCS'. The most common cause for this problem is that the editor was opened in the wrong working directory, for example if you use sbt then the workspace directory should contain build.sbt. [0m
2022.03.18 21:51:55 INFO  shutting down Metals[0m
2022.04.08 21:55:48 INFO  Started: Metals version 0.11.2 in workspace '/home/felix/coding/CCS' for client Neovim 0.6.1.[0m
2022.04.08 21:55:48 INFO  Parse release: 11.0.15[0m
2022.04.08 21:55:50 INFO  time: initialize in 1.48s[0m
2022.04.08 21:55:50 INFO  Deleting old database format /home/felix/coding/CCS/.metals/metals.h2.db[0m
2022.04.08 21:55:50 WARN  Build server is not auto-connectable.[0m
2022.04.08 21:55:50 WARN  no build tool detected in workspace '/home/felix/coding/CCS'. The most common cause for this problem is that the editor was opened in the wrong working directory, for example if you use sbt then the workspace directory should contain build.sbt. [0m
2022.04.08 21:56:15 INFO  shutting down Metals[0m
2022.04.09 08:38:14 INFO  Started: Metals version 0.11.2 in workspace '/home/felix/coding/CCS' for client Neovim 0.6.1.[0m
2022.04.09 08:38:14 INFO  Parse release: 11.0.15[0m
2022.04.09 08:38:15 INFO  time: initialize in 1.44s[0m
2022.04.09 08:38:15 WARN  Build server is not auto-connectable.[0m
2022.04.09 08:38:15 WARN  no build tool detected in workspace '/home/felix/coding/CCS'. The most common cause for this problem is that the editor was opened in the wrong working directory, for example if you use sbt then the workspace directory should contain build.sbt. [0m
2022.04.09 09:13:41 INFO  shutting down Metals[0m
2022.04.09 09:17:19 INFO  Started: Metals version 0.11.2 in workspace '/home/felix/coding/CCS' for client Neovim 0.6.1.[0m
2022.04.09 09:17:19 INFO  Parse release: 11.0.15[0m
2022.04.09 09:17:21 INFO  time: initialize in 1.97s[0m
2022.04.09 09:17:22 WARN  Build server is not auto-connectable.[0m
2022.04.09 09:17:22 WARN  no build tool detected in workspace '/home/felix/coding/CCS'. The most common cause for this problem is that the editor was opened in the wrong working directory, for example if you use sbt then the workspace directory should contain build.sbt. [0m
2022.04.09 09:18:29 INFO  shutting down Metals[0m
2022.04.09 09:20:34 INFO  Started: Metals version 0.11.2 in workspace '/home/felix/coding/CCS' for client Neovim 0.6.1.[0m
2022.04.09 09:20:34 INFO  Parse release: 11.0.15[0m
2022.04.09 09:20:35 INFO  time: initialize in 1.33s[0m
2022.04.09 09:20:36 WARN  Build server is not auto-connectable.[0m
2022.04.09 09:20:36 WARN  no build tool detected in workspace '/home/felix/coding/CCS'. The most common cause for this problem is that the editor was opened in the wrong working directory, for example if you use sbt then the workspace directory should contain build.sbt. [0m
2022.04.09 09:21:31 INFO  Started: Metals version 0.11.2 in workspace '/home/felix/coding/CCS' for client Neovim 0.6.1.[0m
2022.04.09 09:21:31 INFO  Parse release: 11.0.15[0m
2022.04.09 09:21:33 INFO  time: initialize in 1.49s[0m
2022.04.09 09:21:33 WARN  Build server is not auto-connectable.[0m
2022.04.09 09:21:33 WARN  no build tool detected in workspace '/home/felix/coding/CCS'. The most common cause for this problem is that the editor was opened in the wrong working directory, for example if you use sbt then the workspace directory should contain build.sbt. [0m
2022.04.09 09:22:17 INFO  shutting down Metals[0m
2022.04.09 09:22:21 INFO  shutting down Metals[0m
2022.04.09 09:37:54 INFO  Started: Metals version 0.11.2 in workspace '/home/felix/coding/CCS' for client Neovim 0.6.1.[0m
2022.04.09 09:37:54 INFO  Parse release: 11.0.15[0m
2022.04.09 09:37:55 INFO  time: initialize in 1.26s[0m
2022.04.09 09:37:56 WARN  Build server is not auto-connectable.[0m
2022.04.09 09:37:56 WARN  no build tool detected in workspace '/home/felix/coding/CCS'. The most common cause for this problem is that the editor was opened in the wrong working directory, for example if you use sbt then the workspace directory should contain build.sbt. [0m
2022.04.09 10:00:24 INFO  shutting down Metals[0m
2022.04.09 10:00:30 INFO  Started: Metals version 0.11.2 in workspace '/home/felix/coding/CCS' for client Neovim 0.6.1.[0m
2022.04.09 10:00:30 INFO  Parse release: 11.0.15[0m
2022.04.09 10:00:31 INFO  time: initialize in 1.36s[0m
2022.04.09 10:00:32 WARN  Build server is not auto-connectable.[0m
2022.04.09 10:00:32 WARN  no build tool detected in workspace '/home/felix/coding/CCS'. The most common cause for this problem is that the editor was opened in the wrong working directory, for example if you use sbt then the workspace directory should contain build.sbt. [0m
2022.04.09 11:25:11 INFO  shutting down Metals[0m
2022.04.09 11:25:15 INFO  Started: Metals version 0.11.2 in workspace '/home/felix/coding/CCS' for client Neovim 0.6.1.[0m
2022.04.09 11:25:15 INFO  Parse release: 11.0.15[0m
2022.04.09 11:25:16 INFO  time: initialize in 1.38s[0m
2022.04.09 11:25:16 WARN  Build server is not auto-connectable.[0m
2022.04.09 11:25:16 WARN  no build tool detected in workspace '/home/felix/coding/CCS'. The most common cause for this problem is that the editor was opened in the wrong working directory, for example if you use sbt then the workspace directory should contain build.sbt. [0m
2022.04.09 11:27:37 INFO  shutting down Metals[0m
2022.04.09 21:44:43 INFO  Started: Metals version 0.11.2 in workspace '/home/felix/coding/CCS' for client Neovim 0.6.1.[0m
2022.04.09 21:44:43 INFO  Parse release: 11.0.15[0m
2022.04.09 21:44:45 INFO  time: initialize in 2.06s[0m
2022.04.09 21:44:45 WARN  Build server is not auto-connectable.[0m
2022.04.09 21:44:45 WARN  no build tool detected in workspace '/home/felix/coding/CCS'. The most common cause for this problem is that the editor was opened in the wrong working directory, for example if you use sbt then the workspace directory should contain build.sbt. [0m
2022.04.09 23:00:29 INFO  shutting down Metals[0m
2022.04.09 23:04:06 INFO  tracing is disabled for protocol LSP, to enable tracing of incoming and outgoing JSON messages create an empty file at /home/felix/coding/CCS/.metals/lsp.trace.json or /home/felix/.cache/metals/lsp.trace.json[0m
2022.04.09 23:04:06 INFO  logging to file /home/felix/.config/lvim/.metals/metals.log[0m
2022.04.09 23:04:24 INFO  Started: Metals version 0.11.2 in workspace '/home/felix/coding/CCS' for client Neovim 0.6.1.[0m
2022.04.09 23:04:24 INFO  Parse release: 11.0.15[0m
2022.04.09 23:04:25 INFO  time: initialize in 1.34s[0m
2022.04.09 23:04:25 WARN  Build server is not auto-connectable.[0m
2022.04.09 23:04:25 WARN  no build tool detected in workspace '/home/felix/coding/CCS'. The most common cause for this problem is that the editor was opened in the wrong working directory, for example if you use sbt then the workspace directory should contain build.sbt. [0m
2022.04.09 23:04:42 INFO  tracing is disabled for protocol LSP, to enable tracing of incoming and outgoing JSON messages create an empty file at /home/felix/coding/CCS/.metals/lsp.trace.json or /home/felix/.cache/metals/lsp.trace.json[0m
2022.04.09 23:04:42 INFO  logging to file /home/felix/.config/lvim/.metals/metals.log[0m
2022.04.09 23:08:44 INFO  shutting down Metals[0m
2022.04.09 23:09:06 INFO  Started: Metals version 0.11.2 in workspace '/home/felix/coding/CCS' for client Neovim 0.6.1.[0m
2022.04.09 23:09:06 INFO  Parse release: 11.0.15[0m
2022.04.09 23:09:08 INFO  time: initialize in 1.32s[0m
2022.04.09 23:09:08 WARN  Build server is not auto-connectable.[0m
2022.04.09 23:09:08 WARN  no build tool detected in workspace '/home/felix/coding/CCS'. The most common cause for this problem is that the editor was opened in the wrong working directory, for example if you use sbt then the workspace directory should contain build.sbt. [0m
2022.04.10 08:53:19 INFO  shutting down Metals[0m
2022.04.10 08:53:26 INFO  Started: Metals version 0.11.2 in workspace '/home/felix/coding/CCS' for client Neovim 0.6.1.[0m
2022.04.10 08:53:26 INFO  Parse release: 11.0.15[0m
2022.04.10 08:53:28 INFO  time: initialize in 1.42s[0m
2022.04.10 08:53:28 WARN  Build server is not auto-connectable.[0m
2022.04.10 08:53:28 WARN  no build tool detected in workspace '/home/felix/coding/CCS'. The most common cause for this problem is that the editor was opened in the wrong working directory, for example if you use sbt then the workspace directory should contain build.sbt. [0m
2022.04.10 13:49:58 INFO  shutting down Metals[0m
2022.04.10 13:50:01 INFO  Started: Metals version 0.11.2 in workspace '/home/felix/coding/CCS' for client Neovim 0.6.1.[0m
2022.04.10 13:50:01 INFO  Parse release: 11.0.15[0m
2022.04.10 13:50:02 INFO  time: initialize in 1.42s[0m
2022.04.10 13:50:03 WARN  Build server is not auto-connectable.[0m
2022.04.10 13:50:03 WARN  no build tool detected in workspace '/home/felix/coding/CCS'. The most common cause for this problem is that the editor was opened in the wrong working directory, for example if you use sbt then the workspace directory should contain build.sbt. [0m
2022.04.10 13:51:09 INFO  shutting down Metals[0m
2022.04.10 13:51:11 INFO  Started: Metals version 0.11.2 in workspace '/home/felix/coding/CCS' for client Neovim 0.6.1.[0m
2022.04.10 13:51:11 INFO  Parse release: 11.0.15[0m
2022.04.10 13:51:12 INFO  time: initialize in 1.4s[0m
2022.04.10 13:51:13 WARN  Build server is not auto-connectable.[0m
2022.04.10 13:51:13 WARN  no build tool detected in workspace '/home/felix/coding/CCS'. The most common cause for this problem is that the editor was opened in the wrong working directory, for example if you use sbt then the workspace directory should contain build.sbt. [0m
2022.04.10 13:51:31 INFO  shutting down Metals[0m
2022.04.10 13:51:33 INFO  Started: Metals version 0.11.2 in workspace '/home/felix/coding/CCS' for client Neovim 0.6.1.[0m
2022.04.10 13:51:33 INFO  Parse release: 11.0.15[0m
2022.04.10 13:51:34 INFO  time: initialize in 1.3s[0m
2022.04.10 13:51:34 WARN  Build server is not auto-connectable.[0m
2022.04.10 13:51:34 WARN  no build tool detected in workspace '/home/felix/coding/CCS'. The most common cause for this problem is that the editor was opened in the wrong working directory, for example if you use sbt then the workspace directory should contain build.sbt. [0m
2022.04.10 13:52:38 INFO  shutting down Metals[0m
2022.04.10 13:52:41 INFO  Started: Metals version 0.11.2 in workspace '/home/felix/coding/CCS' for client Neovim 0.6.1.[0m
2022.04.10 13:52:41 INFO  Parse release: 11.0.15[0m
2022.04.10 13:52:42 INFO  time: initialize in 1.31s[0m
2022.04.10 13:52:42 WARN  Build server is not auto-connectable.[0m
2022.04.10 13:52:42 WARN  no build tool detected in workspace '/home/felix/coding/CCS'. The most common cause for this problem is that the editor was opened in the wrong working directory, for example if you use sbt then the workspace directory should contain build.sbt. [0m
2022.04.10 13:53:39 INFO  shutting down Metals[0m
2022.04.10 13:53:41 INFO  Started: Metals version 0.11.2 in workspace '/home/felix/coding/CCS' for client Neovim 0.6.1.[0m
2022.04.10 13:53:41 INFO  Parse release: 11.0.15[0m
2022.04.10 13:53:43 INFO  time: initialize in 1.48s[0m
2022.04.10 13:53:43 WARN  Build server is not auto-connectable.[0m
2022.04.10 13:53:43 WARN  no build tool detected in workspace '/home/felix/coding/CCS'. The most common cause for this problem is that the editor was opened in the wrong working directory, for example if you use sbt then the workspace directory should contain build.sbt. [0m
2022.04.10 13:54:01 INFO  shutting down Metals[0m
2022.04.10 13:54:03 INFO  Started: Metals version 0.11.2 in workspace '/home/felix/coding/CCS' for client Neovim 0.6.1.[0m
2022.04.10 13:54:03 INFO  Parse release: 11.0.15[0m
2022.04.10 13:54:04 INFO  time: initialize in 1.45s[0m
2022.04.10 13:54:04 WARN  Build server is not auto-connectable.[0m
2022.04.10 13:54:04 WARN  no build tool detected in workspace '/home/felix/coding/CCS'. The most common cause for this problem is that the editor was opened in the wrong working directory, for example if you use sbt then the workspace directory should contain build.sbt. [0m
2022.04.10 13:55:46 INFO  shutting down Metals[0m
2022.04.10 13:55:48 INFO  Started: Metals version 0.11.2 in workspace '/home/felix/coding/CCS' for client Neovim 0.6.1.[0m
2022.04.10 13:55:48 INFO  Parse release: 11.0.15[0m
2022.04.10 13:55:49 INFO  time: initialize in 1.34s[0m
2022.04.10 13:55:49 WARN  Build server is not auto-connectable.[0m
2022.04.10 13:55:49 WARN  no build tool detected in workspace '/home/felix/coding/CCS'. The most common cause for this problem is that the editor was opened in the wrong working directory, for example if you use sbt then the workspace directory should contain build.sbt. [0m
2022.04.10 13:58:12 INFO  shutting down Metals[0m
2022.04.10 13:58:14 INFO  Started: Metals version 0.11.2 in workspace '/home/felix/coding/CCS' for client Neovim 0.6.1.[0m
2022.04.10 13:58:14 INFO  Parse release: 11.0.15[0m
2022.04.10 13:58:16 INFO  time: initialize in 1.38s[0m
2022.04.10 13:58:16 WARN  Build server is not auto-connectable.[0m
2022.04.10 13:58:16 WARN  no build tool detected in workspace '/home/felix/coding/CCS'. The most common cause for this problem is that the editor was opened in the wrong working directory, for example if you use sbt then the workspace directory should contain build.sbt. [0m
2022.04.10 14:06:19 INFO  shutting down Metals[0m
2022.04.10 14:06:34 INFO  Started: Metals version 0.11.2 in workspace '/home/felix/coding/CCS' for client Neovim 0.6.1.[0m
2022.04.10 14:06:34 INFO  Parse release: 11.0.15[0m
2022.04.10 14:06:35 INFO  time: initialize in 1.38s[0m
2022.04.10 14:06:35 WARN  Build server is not auto-connectable.[0m
2022.04.10 14:06:35 WARN  no build tool detected in workspace '/home/felix/coding/CCS'. The most common cause for this problem is that the editor was opened in the wrong working directory, for example if you use sbt then the workspace directory should contain build.sbt. [0m
2022.04.10 14:07:03 INFO  shutting down Metals[0m
